INFO|2020-08-21 13:55:02|django.utils.autoreload|Watching for file changes with StatReloader
INFO|2020-08-21 13:55:52|django.server|"GET / HTTP/1.1" 200 14319
INFO|2020-08-21 13:55:52|django.server|"GET /static/imrunicorn/scripts/modernizr-2.6.2.js HTTP/1.1" 200 51395
INFO|2020-08-21 13:55:52|django.server|"GET /static/imrunicorn/scripts/respond.js HTTP/1.1" 200 10318
INFO|2020-08-21 13:55:52|django.server|"GET /static/imrunicorn/scripts/bootstrap.js HTTP/1.1" 200 59250
INFO|2020-08-21 13:55:52|django.server|"GET /static/imrunicorn/scripts/jquery-1.10.2.js HTTP/1.1" 200 273990
WARNING|2020-08-21 13:55:52|django.request|Not Found: /dist/js/bootstrap.min.js
WARNING|2020-08-21 13:55:52|django.request|Not Found: /dist/js/bootstrap.min.js
WARNING|2020-08-21 13:55:52|django.server|"GET /dist/js/bootstrap.min.js HTTP/1.1" 404 4421
WARNING|2020-08-21 13:55:52|django.request|Not Found: /dist/js/bootstrap.min.js
WARNING|2020-08-21 13:55:52|django.request|Not Found: /dist/js/bootstrap.min.js
WARNING|2020-08-21 13:55:52|django.server|"GET /dist/js/bootstrap.min.js HTTP/1.1" 404 4421
INFO|2020-08-21 13:55:52|django.server|"GET /static/imrunicorn/favicon.ico HTTP/1.1" 200 1406
INFO|2020-08-21 18:48:06|django.utils.autoreload|Watching for file changes with StatReloader
INFO|2020-08-21 18:50:09|django.server|"GET / HTTP/1.1" 200 14319
WARNING|2020-08-21 18:50:09|django.request|Not Found: /dist/js/bootstrap.min.js
WARNING|2020-08-21 18:50:09|django.request|Not Found: /dist/js/bootstrap.min.js
WARNING|2020-08-21 18:50:09|django.server|"GET /dist/js/bootstrap.min.js HTTP/1.1" 404 4421
WARNING|2020-08-21 18:50:10|django.request|Not Found: /dist/js/bootstrap.min.js
WARNING|2020-08-21 18:50:10|django.request|Not Found: /dist/js/bootstrap.min.js
WARNING|2020-08-21 18:50:10|django.server|"GET /dist/js/bootstrap.min.js HTTP/1.1" 404 4421
INFO|2020-08-21 18:51:20|django.server|"GET /login/ HTTP/1.1" 200 9208
WARNING|2020-08-21 18:51:20|django.request|Not Found: /dist/js/bootstrap.min.js
WARNING|2020-08-21 18:51:20|django.request|Not Found: /dist/js/bootstrap.min.js
WARNING|2020-08-21 18:51:20|django.server|"GET /static/app/scripts/jquery.validate.min.js HTTP/1.1" 404 1728
WARNING|2020-08-21 18:51:20|django.server|"GET /dist/js/bootstrap.min.js HTTP/1.1" 404 4421
WARNING|2020-08-21 18:51:20|django.request|Not Found: /dist/js/bootstrap.min.js
WARNING|2020-08-21 18:51:20|django.request|Not Found: /dist/js/bootstrap.min.js
WARNING|2020-08-21 18:51:20|django.server|"GET /dist/js/bootstrap.min.js HTTP/1.1" 404 4421
WARNING|2020-08-21 18:51:20|django.server|"GET /static/app/scripts/jquery.validate.min.js HTTP/1.1" 404 1728
INFO|2020-08-21 18:51:26|django.server|"POST /login/ HTTP/1.1" 302 0
INFO|2020-08-21 18:51:26|django.server|"GET / HTTP/1.1" 200 16321
WARNING|2020-08-21 18:51:26|django.request|Not Found: /dist/js/bootstrap.min.js
WARNING|2020-08-21 18:51:26|django.request|Not Found: /dist/js/bootstrap.min.js
WARNING|2020-08-21 18:51:26|django.server|"GET /dist/js/bootstrap.min.js HTTP/1.1" 404 4421
WARNING|2020-08-21 18:51:26|django.request|Not Found: /dist/js/bootstrap.min.js
WARNING|2020-08-21 18:51:26|django.request|Not Found: /dist/js/bootstrap.min.js
WARNING|2020-08-21 18:51:26|django.server|"GET /dist/js/bootstrap.min.js HTTP/1.1" 404 4421
INFO|2020-08-21 18:51:31|django.server|"GET / HTTP/1.1" 200 16321
WARNING|2020-08-21 18:51:31|django.request|Not Found: /dist/js/bootstrap.min.js
WARNING|2020-08-21 18:51:31|django.request|Not Found: /dist/js/bootstrap.min.js
WARNING|2020-08-21 18:51:31|django.server|"GET /dist/js/bootstrap.min.js HTTP/1.1" 404 4421
WARNING|2020-08-21 18:51:31|django.request|Not Found: /dist/js/bootstrap.min.js
WARNING|2020-08-21 18:51:31|django.request|Not Found: /dist/js/bootstrap.min.js
WARNING|2020-08-21 18:51:31|django.server|"GET /dist/js/bootstrap.min.js HTTP/1.1" 404 4421
INFO|2020-08-21 18:51:53|django.server|"GET / HTTP/1.1" 200 16321
WARNING|2020-08-21 18:51:53|django.request|Not Found: /dist/js/bootstrap.min.js
WARNING|2020-08-21 18:51:53|django.request|Not Found: /dist/js/bootstrap.min.js
WARNING|2020-08-21 18:51:53|django.server|"GET /dist/js/bootstrap.min.js HTTP/1.1" 404 4421
WARNING|2020-08-21 18:51:53|django.request|Not Found: /dist/js/bootstrap.min.js
WARNING|2020-08-21 18:51:53|django.request|Not Found: /dist/js/bootstrap.min.js
WARNING|2020-08-21 18:51:53|django.server|"GET /dist/js/bootstrap.min.js HTTP/1.1" 404 4421
INFO|2020-08-21 18:51:59|django.server|"GET /news/ HTTP/1.1" 200 33885
WARNING|2020-08-21 18:51:59|django.request|Not Found: /dist/js/bootstrap.min.js
WARNING|2020-08-21 18:51:59|django.request|Not Found: /dist/js/bootstrap.min.js
WARNING|2020-08-21 18:51:59|django.server|"GET /dist/js/bootstrap.min.js HTTP/1.1" 404 4421
WARNING|2020-08-21 18:51:59|django.request|Not Found: /dist/js/bootstrap.min.js
WARNING|2020-08-21 18:51:59|django.request|Not Found: /dist/js/bootstrap.min.js
WARNING|2020-08-21 18:51:59|django.server|"GET /dist/js/bootstrap.min.js HTTP/1.1" 404 4421
INFO|2020-08-21 18:52:01|django.server|"GET /news/detail/49 HTTP/1.1" 200 11165
WARNING|2020-08-21 18:52:01|django.request|Not Found: /media/uploads/announcements/what_is_new/paying_pig_yRifwKC.jpeg
WARNING|2020-08-21 18:52:01|django.request|Not Found: /media/uploads/announcements/what_is_new/paying_pig_yRifwKC.jpeg
WARNING|2020-08-21 18:52:01|django.server|"GET /media/uploads/announcements/what_is_new/paying_pig_yRifwKC.jpeg HTTP/1.1" 404 1950
WARNING|2020-08-21 18:52:01|django.request|Not Found: /dist/js/bootstrap.min.js
WARNING|2020-08-21 18:52:01|django.request|Not Found: /dist/js/bootstrap.min.js
WARNING|2020-08-21 18:52:01|django.server|"GET /dist/js/bootstrap.min.js HTTP/1.1" 404 4421
WARNING|2020-08-21 18:52:01|django.request|Not Found: /media/uploads/announcements/what_is_new/paying_pig_yRifwKC.jpeg
WARNING|2020-08-21 18:52:01|django.request|Not Found: /media/uploads/announcements/what_is_new/paying_pig_yRifwKC.jpeg
WARNING|2020-08-21 18:52:01|django.server|"GET /media/uploads/announcements/what_is_new/paying_pig_yRifwKC.jpeg HTTP/1.1" 404 1950
INFO|2020-08-21 18:52:12|django.server|"GET /groundhog_logbook/by_shooter/ HTTP/1.1" 200 43315
WARNING|2020-08-21 18:52:12|django.request|Not Found: /media/uploads/groundhog_kill_shots/6F8BF1C7-611F-466D-BE54-94E8115F1205.jpeg
WARNING|2020-08-21 18:52:12|django.request|Not Found: /media/uploads/groundhog_kill_shots/6F8BF1C7-611F-466D-BE54-94E8115F1205.jpeg
WARNING|2020-08-21 18:52:12|django.server|"GET /media/uploads/groundhog_kill_shots/6F8BF1C7-611F-466D-BE54-94E8115F1205.jpeg HTTP/1.1" 404 1989
WARNING|2020-08-21 18:52:12|django.request|Not Found: /media/uploads/groundhog_kill_shots/3B969BF7-F44C-4026-A727-DCDA34BBFE94.jpeg
WARNING|2020-08-21 18:52:12|django.request|Not Found: /media/uploads/groundhog_kill_shots/3B969BF7-F44C-4026-A727-DCDA34BBFE94.jpeg
WARNING|2020-08-21 18:52:12|django.request|Not Found: /media/uploads/groundhog_kill_shots/443AC268-B210-4AAB-AC28-987E59036F66.jpeg
WARNING|2020-08-21 18:52:12|django.request|Not Found: /media/uploads/groundhog_kill_shots/443AC268-B210-4AAB-AC28-987E59036F66.jpeg
WARNING|2020-08-21 18:52:12|django.server|"GET /media/uploads/groundhog_kill_shots/3B969BF7-F44C-4026-A727-DCDA34BBFE94.jpeg HTTP/1.1" 404 1989
WARNING|2020-08-21 18:52:12|django.request|Not Found: /media/uploads/groundhog_kill_shots/CFCEABB5-359D-4F05-85D3-1CC3B12EEEDC.jpeg
WARNING|2020-08-21 18:52:12|django.request|Not Found: /media/uploads/groundhog_kill_shots/CFCEABB5-359D-4F05-85D3-1CC3B12EEEDC.jpeg
WARNING|2020-08-21 18:52:12|django.request|Not Found: /media/uploads/groundhog_kill_shots/808A3C4B-B556-4228-A88D-7FC751FF385D.jpeg
WARNING|2020-08-21 18:52:12|django.request|Not Found: /media/uploads/groundhog_kill_shots/808A3C4B-B556-4228-A88D-7FC751FF385D.jpeg
WARNING|2020-08-21 18:52:12|django.server|"GET /media/uploads/groundhog_kill_shots/CFCEABB5-359D-4F05-85D3-1CC3B12EEEDC.jpeg HTTP/1.1" 404 1989
WARNING|2020-08-21 18:52:12|django.server|"GET /media/uploads/groundhog_kill_shots/443AC268-B210-4AAB-AC28-987E59036F66.jpeg HTTP/1.1" 404 1989
WARNING|2020-08-21 18:52:12|django.request|Not Found: /media/uploads/groundhog_kill_shots/EE30DEAC-2071-449E-BEF1-F2989FC22BCF.jpeg
WARNING|2020-08-21 18:52:12|django.server|"GET /media/uploads/groundhog_kill_shots/808A3C4B-B556-4228-A88D-7FC751FF385D.jpeg HTTP/1.1" 404 1989
WARNING|2020-08-21 18:52:12|django.request|Not Found: /media/uploads/groundhog_kill_shots/EE30DEAC-2071-449E-BEF1-F2989FC22BCF.jpeg
WARNING|2020-08-21 18:52:12|django.request|Not Found: /dist/js/bootstrap.min.js
WARNING|2020-08-21 18:52:12|django.request|Not Found: /media/uploads/groundhog_kill_shots/B7D01571-08E5-4E85-91EF-77A1488F8F2C.jpeg
WARNING|2020-08-21 18:52:12|django.request|Not Found: /media/uploads/groundhog_kill_shots/B7D01571-08E5-4E85-91EF-77A1488F8F2C.jpeg
WARNING|2020-08-21 18:52:12|django.server|"GET /media/uploads/groundhog_kill_shots/EE30DEAC-2071-449E-BEF1-F2989FC22BCF.jpeg HTTP/1.1" 404 1989
WARNING|2020-08-21 18:52:12|django.request|Not Found: /dist/js/bootstrap.min.js
WARNING|2020-08-21 18:52:12|django.server|"GET /media/uploads/groundhog_kill_shots/B7D01571-08E5-4E85-91EF-77A1488F8F2C.jpeg HTTP/1.1" 404 1989
WARNING|2020-08-21 18:52:12|django.request|Not Found: /media/uploads/groundhog_kill_shots/B8017A78-0658-43C4-B441-F9E608FF5EAE.jpeg
WARNING|2020-08-21 18:52:12|django.request|Not Found: /media/uploads/groundhog_kill_shots/F001D143-249B-460D-9F63-00DF3D8C63E5.jpeg
WARNING|2020-08-21 18:52:12|django.request|Not Found: /media/uploads/groundhog_kill_shots/B8017A78-0658-43C4-B441-F9E608FF5EAE.jpeg
WARNING|2020-08-21 18:52:12|django.server|"GET /dist/js/bootstrap.min.js HTTP/1.1" 404 4421
WARNING|2020-08-21 18:52:12|django.request|Not Found: /media/uploads/groundhog_kill_shots/45120593-B816-484E-8575-E237946ECF1D.jpeg
WARNING|2020-08-21 18:52:12|django.request|Not Found: /media/uploads/groundhog_kill_shots/45120593-B816-484E-8575-E237946ECF1D.jpeg
WARNING|2020-08-21 18:52:12|django.server|"GET /media/uploads/groundhog_kill_shots/B8017A78-0658-43C4-B441-F9E608FF5EAE.jpeg HTTP/1.1" 404 1989
WARNING|2020-08-21 18:52:12|django.request|Not Found: /media/uploads/groundhog_kill_shots/F001D143-249B-460D-9F63-00DF3D8C63E5.jpeg
WARNING|2020-08-21 18:52:12|django.request|Not Found: /media/uploads/groundhog_kill_shots/DE3BB30F-D661-4CDB-BCD0-C17F821DB5DD.jpeg
WARNING|2020-08-21 18:52:12|django.server|"GET /media/uploads/groundhog_kill_shots/45120593-B816-484E-8575-E237946ECF1D.jpeg HTTP/1.1" 404 1989
WARNING|2020-08-21 18:52:12|django.request|Not Found: /media/uploads/groundhog_kill_shots/DE3BB30F-D661-4CDB-BCD0-C17F821DB5DD.jpeg
WARNING|2020-08-21 18:52:12|django.server|"GET /media/uploads/groundhog_kill_shots/F001D143-249B-460D-9F63-00DF3D8C63E5.jpeg HTTP/1.1" 404 1989
WARNING|2020-08-21 18:52:12|django.server|"GET /media/uploads/groundhog_kill_shots/DE3BB30F-D661-4CDB-BCD0-C17F821DB5DD.jpeg HTTP/1.1" 404 1989
WARNING|2020-08-21 18:52:12|django.request|Not Found: /media/uploads/groundhog_kill_shots/E16B18CE-989E-4267-AB3F-26C84C8A857C.jpeg
WARNING|2020-08-21 18:52:12|django.request|Not Found: /media/uploads/groundhog_kill_shots/E16B18CE-989E-4267-AB3F-26C84C8A857C.jpeg
WARNING|2020-08-21 18:52:12|django.server|"GET /media/uploads/groundhog_kill_shots/E16B18CE-989E-4267-AB3F-26C84C8A857C.jpeg HTTP/1.1" 404 1989
WARNING|2020-08-21 18:52:44|django.request|Not Found: /dist/js/bootstrap.min.js
WARNING|2020-08-21 18:52:44|django.request|Not Found: /dist/js/bootstrap.min.js
WARNING|2020-08-21 18:52:44|django.server|"GET /dist/js/bootstrap.min.js HTTP/1.1" 404 4421
WARNING|2020-08-21 18:52:46|django.request|Not Found: /dist/js/bootstrap.min.js
WARNING|2020-08-21 18:52:46|django.request|Not Found: /dist/js/bootstrap.min.js
WARNING|2020-08-21 18:52:46|django.server|"GET /dist/js/bootstrap.min.js HTTP/1.1" 404 4421
INFO|2020-08-25 20:09:21|django.utils.autoreload|Watching for file changes with StatReloader
INFO|2020-08-25 20:09:59|django.utils.autoreload|Watching for file changes with StatReloader
INFO|2020-08-25 20:11:46|django.utils.autoreload|Watching for file changes with StatReloader
INFO|2020-08-25 20:11:59|django.server|"GET / HTTP/1.1" 200 14427
INFO|2020-08-25 20:12:35|django.server|"GET / HTTP/1.1" 200 14427
INFO|2020-08-25 20:12:35|django.server|"GET /static/imrunicorn/scripts/modernizr-2.6.2.js HTTP/1.1" 200 51395
INFO|2020-08-25 20:12:35|django.server|"GET /static/imrunicorn/scripts/bootstrap.js HTTP/1.1" 200 59250
INFO|2020-08-25 20:12:35|django.server|"GET /static/imrunicorn/scripts/respond.js HTTP/1.1" 200 10318
INFO|2020-08-25 20:12:35|django.server|"GET /static/imrunicorn/scripts/jquery-1.10.2.js HTTP/1.1" 200 273990
WARNING|2020-08-25 20:12:35|django.request|Not Found: /dist/js/bootstrap.min.js
WARNING|2020-08-25 20:12:35|django.request|Not Found: /dist/js/bootstrap.min.js
WARNING|2020-08-25 20:12:35|django.server|"GET /dist/js/bootstrap.min.js HTTP/1.1" 404 4318
WARNING|2020-08-25 20:12:35|django.request|Not Found: /dist/js/bootstrap.min.js
WARNING|2020-08-25 20:12:35|django.request|Not Found: /dist/js/bootstrap.min.js
WARNING|2020-08-25 20:12:35|django.server|"GET /dist/js/bootstrap.min.js HTTP/1.1" 404 4318
INFO|2020-08-25 20:12:38|django.server|"GET / HTTP/1.1" 200 14427
WARNING|2020-08-25 20:12:38|django.request|Not Found: /dist/js/bootstrap.min.js
WARNING|2020-08-25 20:12:38|django.request|Not Found: /dist/js/bootstrap.min.js
WARNING|2020-08-25 20:12:38|django.server|"GET /dist/js/bootstrap.min.js HTTP/1.1" 404 4318
INFO|2020-08-25 20:12:40|django.server|"GET /load_data/loads/ HTTP/1.1" 200 33135
WARNING|2020-08-25 20:12:41|django.request|Not Found: /dist/js/bootstrap.min.js
WARNING|2020-08-25 20:12:41|django.request|Not Found: /dist/js/bootstrap.min.js
WARNING|2020-08-25 20:12:41|django.server|"GET /dist/js/bootstrap.min.js HTTP/1.1" 404 4318
WARNING|2020-08-25 20:12:41|django.request|Not Found: /dist/js/bootstrap.min.js
WARNING|2020-08-25 20:12:41|django.request|Not Found: /dist/js/bootstrap.min.js
WARNING|2020-08-25 20:12:41|django.server|"GET /dist/js/bootstrap.min.js HTTP/1.1" 404 4318
INFO|2020-08-25 20:12:52|django.server|"GET /groundhog_logbook/locations/ HTTP/1.1" 200 8007
WARNING|2020-08-25 20:12:53|django.request|Not Found: /dist/js/bootstrap.min.js
WARNING|2020-08-25 20:12:53|django.request|Not Found: /dist/js/bootstrap.min.js
WARNING|2020-08-25 20:12:53|django.server|"GET /dist/js/bootstrap.min.js HTTP/1.1" 404 4318
WARNING|2020-08-25 20:12:53|django.request|Not Found: /dist/js/bootstrap.min.js
WARNING|2020-08-25 20:12:53|django.request|Not Found: /dist/js/bootstrap.min.js
WARNING|2020-08-25 20:12:53|django.server|"GET /dist/js/bootstrap.min.js HTTP/1.1" 404 4318
INFO|2020-08-25 20:12:55|django.server|"GET /donate/cash_app/ HTTP/1.1" 200 8214
WARNING|2020-08-25 20:12:55|django.request|Not Found: /dist/js/bootstrap.min.js
WARNING|2020-08-25 20:12:55|django.request|Not Found: /dist/js/bootstrap.min.js
WARNING|2020-08-25 20:12:55|django.server|"GET /dist/js/bootstrap.min.js HTTP/1.1" 404 4318
INFO|2020-08-25 20:12:55|django.server|"GET /static/content/cashapp_benspelledabc.jpg HTTP/1.1" 200 262869
WARNING|2020-08-25 20:12:55|django.request|Not Found: /dist/js/bootstrap.min.js
WARNING|2020-08-25 20:12:55|django.request|Not Found: /dist/js/bootstrap.min.js
WARNING|2020-08-25 20:12:55|django.server|"GET /dist/js/bootstrap.min.js HTTP/1.1" 404 4318
INFO|2020-08-25 20:12:57|django.server|"GET /groundhog_logbook/by_shooter/ HTTP/1.1" 200 34340
WARNING|2020-08-25 20:12:58|django.request|Not Found: /media/uploads/groundhog_kill_shots/3B969BF7-F44C-4026-A727-DCDA34BBFE94.jpeg
WARNING|2020-08-25 20:12:58|django.request|Not Found: /media/uploads/groundhog_kill_shots/3B969BF7-F44C-4026-A727-DCDA34BBFE94.jpeg
WARNING|2020-08-25 20:12:58|django.request|Not Found: /media/uploads/groundhog_kill_shots/6F8BF1C7-611F-466D-BE54-94E8115F1205.jpeg
WARNING|2020-08-25 20:12:58|django.request|Not Found: /media/uploads/groundhog_kill_shots/6F8BF1C7-611F-466D-BE54-94E8115F1205.jpeg
WARNING|2020-08-25 20:12:58|django.server|"GET /media/uploads/groundhog_kill_shots/6F8BF1C7-611F-466D-BE54-94E8115F1205.jpeg HTTP/1.1" 404 1992
WARNING|2020-08-25 20:12:58|django.server|"GET /media/uploads/groundhog_kill_shots/3B969BF7-F44C-4026-A727-DCDA34BBFE94.jpeg HTTP/1.1" 404 1992
WARNING|2020-08-25 20:12:58|django.request|Not Found: /media/uploads/groundhog_kill_shots/443AC268-B210-4AAB-AC28-987E59036F66.jpeg
WARNING|2020-08-25 20:12:58|django.request|Not Found: /media/uploads/groundhog_kill_shots/443AC268-B210-4AAB-AC28-987E59036F66.jpeg
WARNING|2020-08-25 20:12:58|django.request|Not Found: /media/uploads/groundhog_kill_shots/808A3C4B-B556-4228-A88D-7FC751FF385D.jpeg
WARNING|2020-08-25 20:12:58|django.request|Not Found: /media/uploads/groundhog_kill_shots/808A3C4B-B556-4228-A88D-7FC751FF385D.jpeg
WARNING|2020-08-25 20:12:58|django.server|"GET /media/uploads/groundhog_kill_shots/443AC268-B210-4AAB-AC28-987E59036F66.jpeg HTTP/1.1" 404 1992
WARNING|2020-08-25 20:12:58|django.request|Not Found: /dist/js/bootstrap.min.js
WARNING|2020-08-25 20:12:58|django.request|Not Found: /media/uploads/groundhog_kill_shots/EE30DEAC-2071-449E-BEF1-F2989FC22BCF.jpeg
WARNING|2020-08-25 20:12:58|django.request|Not Found: /media/uploads/groundhog_kill_shots/CFCEABB5-359D-4F05-85D3-1CC3B12EEEDC.jpeg
WARNING|2020-08-25 20:12:58|django.request|Not Found: /media/uploads/groundhog_kill_shots/CFCEABB5-359D-4F05-85D3-1CC3B12EEEDC.jpeg
WARNING|2020-08-25 20:12:58|django.request|Not Found: /media/uploads/groundhog_kill_shots/B7D01571-08E5-4E85-91EF-77A1488F8F2C.jpeg
WARNING|2020-08-25 20:12:58|django.request|Not Found: /media/uploads/groundhog_kill_shots/B7D01571-08E5-4E85-91EF-77A1488F8F2C.jpeg
WARNING|2020-08-25 20:12:58|django.server|"GET /media/uploads/groundhog_kill_shots/808A3C4B-B556-4228-A88D-7FC751FF385D.jpeg HTTP/1.1" 404 1992
WARNING|2020-08-25 20:12:58|django.request|Not Found: /dist/js/bootstrap.min.js
WARNING|2020-08-25 20:12:58|django.request|Not Found: /media/uploads/groundhog_kill_shots/45120593-B816-484E-8575-E237946ECF1D.jpeg
WARNING|2020-08-25 20:12:58|django.request|Not Found: /media/uploads/groundhog_kill_shots/45120593-B816-484E-8575-E237946ECF1D.jpeg
WARNING|2020-08-25 20:12:58|django.server|"GET /media/uploads/groundhog_kill_shots/CFCEABB5-359D-4F05-85D3-1CC3B12EEEDC.jpeg HTTP/1.1" 404 1992
WARNING|2020-08-25 20:12:58|django.server|"GET /dist/js/bootstrap.min.js HTTP/1.1" 404 4318
WARNING|2020-08-25 20:12:58|django.server|"GET /media/uploads/groundhog_kill_shots/B7D01571-08E5-4E85-91EF-77A1488F8F2C.jpeg HTTP/1.1" 404 1992
WARNING|2020-08-25 20:12:58|django.request|Not Found: /media/uploads/groundhog_kill_shots/EE30DEAC-2071-449E-BEF1-F2989FC22BCF.jpeg
WARNING|2020-08-25 20:12:58|django.request|Not Found: /media/uploads/groundhog_kill_shots/DE3BB30F-D661-4CDB-BCD0-C17F821DB5DD.jpeg
WARNING|2020-08-25 20:12:58|django.request|Not Found: /media/uploads/groundhog_kill_shots/DE3BB30F-D661-4CDB-BCD0-C17F821DB5DD.jpeg
WARNING|2020-08-25 20:12:58|django.request|Not Found: /media/uploads/groundhog_kill_shots/E16B18CE-989E-4267-AB3F-26C84C8A857C.jpeg
WARNING|2020-08-25 20:12:58|django.request|Not Found: /media/uploads/groundhog_kill_shots/E16B18CE-989E-4267-AB3F-26C84C8A857C.jpeg
WARNING|2020-08-25 20:12:58|django.server|"GET /media/uploads/groundhog_kill_shots/45120593-B816-484E-8575-E237946ECF1D.jpeg HTTP/1.1" 404 1992
WARNING|2020-08-25 20:12:58|django.server|"GET /media/uploads/groundhog_kill_shots/EE30DEAC-2071-449E-BEF1-F2989FC22BCF.jpeg HTTP/1.1" 404 1992
WARNING|2020-08-25 20:12:58|django.server|"GET /media/uploads/groundhog_kill_shots/DE3BB30F-D661-4CDB-BCD0-C17F821DB5DD.jpeg HTTP/1.1" 404 1992
WARNING|2020-08-25 20:12:58|django.server|"GET /media/uploads/groundhog_kill_shots/E16B18CE-989E-4267-AB3F-26C84C8A857C.jpeg HTTP/1.1" 404 1992
INFO|2020-08-25 20:13:00|django.server|"GET /load_data/loads/ HTTP/1.1" 200 33135
WARNING|2020-08-25 20:13:00|django.request|Not Found: /dist/js/bootstrap.min.js
WARNING|2020-08-25 20:13:00|django.request|Not Found: /dist/js/bootstrap.min.js
WARNING|2020-08-25 20:13:00|django.server|"GET /dist/js/bootstrap.min.js HTTP/1.1" 404 4318
INFO|2020-08-25 20:13:01|django.server|"GET / HTTP/1.1" 200 14427
WARNING|2020-08-25 20:13:01|django.request|Not Found: /dist/js/bootstrap.min.js
WARNING|2020-08-25 20:13:01|django.request|Not Found: /dist/js/bootstrap.min.js
WARNING|2020-08-25 20:13:01|django.server|"GET /dist/js/bootstrap.min.js HTTP/1.1" 404 4318
WARNING|2020-08-25 20:13:01|django.request|Not Found: /dist/js/bootstrap.min.js
WARNING|2020-08-25 20:13:01|django.request|Not Found: /dist/js/bootstrap.min.js
WARNING|2020-08-25 20:13:01|django.server|"GET /dist/js/bootstrap.min.js HTTP/1.1" 404 4318
INFO|2020-08-25 20:13:07|django.server|"GET /load_data/loads/ HTTP/1.1" 200 33135
WARNING|2020-08-25 20:13:07|django.request|Not Found: /dist/js/bootstrap.min.js
WARNING|2020-08-25 20:13:07|django.request|Not Found: /dist/js/bootstrap.min.js
WARNING|2020-08-25 20:13:07|django.server|"GET /dist/js/bootstrap.min.js HTTP/1.1" 404 4318
WARNING|2020-08-25 20:13:07|django.request|Not Found: /dist/js/bootstrap.min.js
WARNING|2020-08-25 20:13:07|django.request|Not Found: /dist/js/bootstrap.min.js
WARNING|2020-08-25 20:13:07|django.server|"GET /dist/js/bootstrap.min.js HTTP/1.1" 404 4318
INFO|2020-08-25 20:13:09|django.server|"GET / HTTP/1.1" 200 14427
WARNING|2020-08-25 20:13:09|django.request|Not Found: /dist/js/bootstrap.min.js
WARNING|2020-08-25 20:13:09|django.request|Not Found: /dist/js/bootstrap.min.js
WARNING|2020-08-25 20:13:09|django.server|"GET /dist/js/bootstrap.min.js HTTP/1.1" 404 4318
WARNING|2020-08-25 20:13:09|django.request|Not Found: /dist/js/bootstrap.min.js
WARNING|2020-08-25 20:13:09|django.request|Not Found: /dist/js/bootstrap.min.js
WARNING|2020-08-25 20:13:09|django.server|"GET /dist/js/bootstrap.min.js HTTP/1.1" 404 4318
WARNING|2020-08-26 18:07:39|django.request|Not Found: /dist/js/bootstrap.min.js
WARNING|2020-08-26 18:07:39|django.request|Not Found: /dist/js/bootstrap.min.js
WARNING|2020-08-26 18:07:41|django.request|Not Found: /dist/js/bootstrap.min.js
WARNING|2020-08-26 18:07:41|django.request|Not Found: /dist/js/bootstrap.min.js
WARNING|2020-08-26 18:07:41|django.request|Not Found: /dist/js/bootstrap.min.js
WARNING|2020-08-26 18:07:41|django.request|Not Found: /dist/js/bootstrap.min.js
WARNING|2020-08-26 18:07:43|django.request|Not Found: /dist/js/bootstrap.min.js
WARNING|2020-08-26 18:07:43|django.request|Not Found: /dist/js/bootstrap.min.js
WARNING|2020-08-26 18:07:43|django.request|Not Found: /dist/js/bootstrap.min.js
WARNING|2020-08-26 18:07:43|django.request|Not Found: /dist/js/bootstrap.min.js
WARNING|2020-08-26 18:07:45|django.request|Not Found: /dist/js/bootstrap.min.js
WARNING|2020-08-26 18:07:45|django.request|Not Found: /dist/js/bootstrap.min.js
WARNING|2020-08-26 18:07:45|django.request|Not Found: /dist/js/bootstrap.min.js
WARNING|2020-08-26 18:07:45|django.request|Not Found: /dist/js/bootstrap.min.js
WARNING|2020-08-26 18:08:36|django.request|Not Found: /dist/js/bootstrap.min.js
WARNING|2020-08-26 18:08:36|django.request|Not Found: /dist/js/bootstrap.min.js
WARNING|2020-08-26 18:08:36|django.request|Not Found: /dist/js/bootstrap.min.js
WARNING|2020-08-26 18:08:36|django.request|Not Found: /dist/js/bootstrap.min.js
WARNING|2020-08-26 18:08:38|django.request|Not Found: /dist/js/bootstrap.min.js
WARNING|2020-08-26 18:08:38|django.request|Not Found: /dist/js/bootstrap.min.js
WARNING|2020-08-26 18:08:39|django.request|Not Found: /dist/js/bootstrap.min.js
WARNING|2020-08-26 18:08:39|django.request|Not Found: /dist/js/bootstrap.min.js
WARNING|2020-08-26 18:08:39|django.request|Not Found: /dist/js/bootstrap.min.js
WARNING|2020-08-26 18:08:39|django.request|Not Found: /dist/js/bootstrap.min.js
WARNING|2020-08-26 18:09:17|django.request|Not Found: /dist/js/bootstrap.min.js
WARNING|2020-08-26 18:09:17|django.request|Not Found: /dist/js/bootstrap.min.js
WARNING|2020-08-26 18:09:18|django.request|Not Found: /dist/js/bootstrap.min.js
WARNING|2020-08-26 18:09:18|django.request|Not Found: /dist/js/bootstrap.min.js
ERROR|2020-08-26 18:09:25|django.request|Internal Server Error: /admin/auth/user/5/change/
Traceback (most recent call last):
  File "/data/django/IMRUnicorn-Django/venv/lib64/python3.6/site-packages/django/core/handlers/exception.py", line 34, in inner
    response = get_response(request)
  File "/data/django/IMRUnicorn-Django/venv/lib64/python3.6/site-packages/django/core/handlers/base.py", line 145, in _get_response
    response = self.process_exception_by_middleware(e, request)
  File "/data/django/IMRUnicorn-Django/venv/lib64/python3.6/site-packages/django/core/handlers/base.py", line 143, in _get_response
    response = response.render()
  File "/data/django/IMRUnicorn-Django/venv/lib64/python3.6/site-packages/django/template/response.py", line 105, in render
    self.content = self.rendered_content
  File "/data/django/IMRUnicorn-Django/venv/lib64/python3.6/site-packages/django/template/response.py", line 83, in rendered_content
    return template.render(context, self._request)
  File "/data/django/IMRUnicorn-Django/venv/lib64/python3.6/site-packages/django/template/backends/django.py", line 61, in render
    return self.template.render(context)
  File "/data/django/IMRUnicorn-Django/venv/lib64/python3.6/site-packages/django/template/base.py", line 171, in render
    return self._render(context)
  File "/data/django/IMRUnicorn-Django/venv/lib64/python3.6/site-packages/django/template/base.py", line 163, in _render
    return self.nodelist.render(context)
  File "/data/django/IMRUnicorn-Django/venv/lib64/python3.6/site-packages/django/template/base.py", line 936, in render
    bit = node.render_annotated(context)
  File "/data/django/IMRUnicorn-Django/venv/lib64/python3.6/site-packages/django/template/base.py", line 903, in render_annotated
    return self.render(context)
  File "/data/django/IMRUnicorn-Django/venv/lib64/python3.6/site-packages/django/template/loader_tags.py", line 150, in render
    return compiled_parent._render(context)
  File "/data/django/IMRUnicorn-Django/venv/lib64/python3.6/site-packages/django/template/base.py", line 163, in _render
    return self.nodelist.render(context)
  File "/data/django/IMRUnicorn-Django/venv/lib64/python3.6/site-packages/django/template/base.py", line 936, in render
    bit = node.render_annotated(context)
  File "/data/django/IMRUnicorn-Django/venv/lib64/python3.6/site-packages/django/template/base.py", line 903, in render_annotated
    return self.render(context)
  File "/data/django/IMRUnicorn-Django/venv/lib64/python3.6/site-packages/django/template/loader_tags.py", line 150, in render
    return compiled_parent._render(context)
  File "/data/django/IMRUnicorn-Django/venv/lib64/python3.6/site-packages/django/template/base.py", line 163, in _render
    return self.nodelist.render(context)
  File "/data/django/IMRUnicorn-Django/venv/lib64/python3.6/site-packages/django/template/base.py", line 936, in render
    bit = node.render_annotated(context)
  File "/data/django/IMRUnicorn-Django/venv/lib64/python3.6/site-packages/django/template/base.py", line 903, in render_annotated
    return self.render(context)
  File "/data/django/IMRUnicorn-Django/venv/lib64/python3.6/site-packages/django/template/loader_tags.py", line 62, in render
    result = block.nodelist.render(context)
  File "/data/django/IMRUnicorn-Django/venv/lib64/python3.6/site-packages/django/template/base.py", line 936, in render
    bit = node.render_annotated(context)
  File "/data/django/IMRUnicorn-Django/venv/lib64/python3.6/site-packages/django/template/base.py", line 903, in render_annotated
    return self.render(context)
  File "/data/django/IMRUnicorn-Django/venv/lib64/python3.6/site-packages/django/template/loader_tags.py", line 62, in render
    result = block.nodelist.render(context)
  File "/data/django/IMRUnicorn-Django/venv/lib64/python3.6/site-packages/django/template/base.py", line 936, in render
    bit = node.render_annotated(context)
  File "/data/django/IMRUnicorn-Django/venv/lib64/python3.6/site-packages/django/template/base.py", line 903, in render_annotated
    return self.render(context)
  File "/data/django/IMRUnicorn-Django/venv/lib64/python3.6/site-packages/django/template/defaulttags.py", line 209, in render
    nodelist.append(node.render_annotated(context))
  File "/data/django/IMRUnicorn-Django/venv/lib64/python3.6/site-packages/django/template/base.py", line 903, in render_annotated
    return self.render(context)
  File "/data/django/IMRUnicorn-Django/venv/lib64/python3.6/site-packages/django/template/loader_tags.py", line 188, in render
    return template.render(context)
  File "/data/django/IMRUnicorn-Django/venv/lib64/python3.6/site-packages/django/template/base.py", line 173, in render
    return self._render(context)
  File "/data/django/IMRUnicorn-Django/venv/lib64/python3.6/site-packages/django/template/base.py", line 163, in _render
    return self.nodelist.render(context)
  File "/data/django/IMRUnicorn-Django/venv/lib64/python3.6/site-packages/django/template/base.py", line 936, in render
    bit = node.render_annotated(context)
  File "/data/django/IMRUnicorn-Django/venv/lib64/python3.6/site-packages/django/template/base.py", line 903, in render_annotated
    return self.render(context)
  File "/data/django/IMRUnicorn-Django/venv/lib64/python3.6/site-packages/django/template/defaulttags.py", line 209, in render
    nodelist.append(node.render_annotated(context))
  File "/data/django/IMRUnicorn-Django/venv/lib64/python3.6/site-packages/django/template/base.py", line 903, in render_annotated
    return self.render(context)
  File "/data/django/IMRUnicorn-Django/venv/lib64/python3.6/site-packages/django/template/defaulttags.py", line 209, in render
    nodelist.append(node.render_annotated(context))
  File "/data/django/IMRUnicorn-Django/venv/lib64/python3.6/site-packages/django/template/base.py", line 903, in render_annotated
    return self.render(context)
  File "/data/django/IMRUnicorn-Django/venv/lib64/python3.6/site-packages/django/template/defaulttags.py", line 309, in render
    return nodelist.render(context)
  File "/data/django/IMRUnicorn-Django/venv/lib64/python3.6/site-packages/django/template/base.py", line 936, in render
    bit = node.render_annotated(context)
  File "/data/django/IMRUnicorn-Django/venv/lib64/python3.6/site-packages/django/template/base.py", line 903, in render_annotated
    return self.render(context)
  File "/data/django/IMRUnicorn-Django/venv/lib64/python3.6/site-packages/django/template/defaulttags.py", line 309, in render
    return nodelist.render(context)
  File "/data/django/IMRUnicorn-Django/venv/lib64/python3.6/site-packages/django/template/base.py", line 936, in render
    bit = node.render_annotated(context)
  File "/data/django/IMRUnicorn-Django/venv/lib64/python3.6/site-packages/django/template/base.py", line 903, in render_annotated
    return self.render(context)
  File "/data/django/IMRUnicorn-Django/venv/lib64/python3.6/site-packages/django/template/base.py", line 992, in render
    return render_value_in_context(output, context)
  File "/data/django/IMRUnicorn-Django/venv/lib64/python3.6/site-packages/django/template/base.py", line 971, in render_value_in_context
    value = str(value)
  File "/data/django/IMRUnicorn-Django/venv/lib64/python3.6/site-packages/django/utils/html.py", line 373, in <lambda>
    klass.__str__ = lambda self: mark_safe(klass_str(self))
  File "/data/django/IMRUnicorn-Django/venv/lib64/python3.6/site-packages/django/forms/boundfield.py", line 33, in __str__
    return self.as_widget()
  File "/data/django/IMRUnicorn-Django/venv/lib64/python3.6/site-packages/django/forms/boundfield.py", line 96, in as_widget
    renderer=self.form.renderer,
  File "/data/django/IMRUnicorn-Django/venv/lib64/python3.6/site-packages/django/forms/widgets.py", line 241, in render
    context = self.get_context(name, value, attrs)
  File "/data/django/IMRUnicorn-Django/venv/lib64/python3.6/site-packages/django/contrib/auth/forms.py", line 47, in get_context
    for key, value_ in hasher.safe_summary(value).items():
  File "/data/django/IMRUnicorn-Django/venv/lib64/python3.6/site-packages/django/contrib/auth/hashers.py", line 256, in safe_summary
    algorithm, iterations, salt, hash = encoded.split('$', 3)
ValueError: not enough values to unpack (expected 4, got 2)
ERROR|2020-08-26 18:09:25|django.request|Internal Server Error: /admin/auth/user/5/change/
Traceback (most recent call last):
  File "/data/django/IMRUnicorn-Django/venv/lib64/python3.6/site-packages/django/core/handlers/exception.py", line 34, in inner
    response = get_response(request)
  File "/data/django/IMRUnicorn-Django/venv/lib64/python3.6/site-packages/django/core/handlers/base.py", line 145, in _get_response
    response = self.process_exception_by_middleware(e, request)
  File "/data/django/IMRUnicorn-Django/venv/lib64/python3.6/site-packages/django/core/handlers/base.py", line 143, in _get_response
    response = response.render()
  File "/data/django/IMRUnicorn-Django/venv/lib64/python3.6/site-packages/django/template/response.py", line 105, in render
    self.content = self.rendered_content
  File "/data/django/IMRUnicorn-Django/venv/lib64/python3.6/site-packages/django/template/response.py", line 83, in rendered_content
    return template.render(context, self._request)
  File "/data/django/IMRUnicorn-Django/venv/lib64/python3.6/site-packages/django/template/backends/django.py", line 61, in render
    return self.template.render(context)
  File "/data/django/IMRUnicorn-Django/venv/lib64/python3.6/site-packages/django/template/base.py", line 171, in render
    return self._render(context)
  File "/data/django/IMRUnicorn-Django/venv/lib64/python3.6/site-packages/django/template/base.py", line 163, in _render
    return self.nodelist.render(context)
  File "/data/django/IMRUnicorn-Django/venv/lib64/python3.6/site-packages/django/template/base.py", line 936, in render
    bit = node.render_annotated(context)
  File "/data/django/IMRUnicorn-Django/venv/lib64/python3.6/site-packages/django/template/base.py", line 903, in render_annotated
    return self.render(context)
  File "/data/django/IMRUnicorn-Django/venv/lib64/python3.6/site-packages/django/template/loader_tags.py", line 150, in render
    return compiled_parent._render(context)
  File "/data/django/IMRUnicorn-Django/venv/lib64/python3.6/site-packages/django/template/base.py", line 163, in _render
    return self.nodelist.render(context)
  File "/data/django/IMRUnicorn-Django/venv/lib64/python3.6/site-packages/django/template/base.py", line 936, in render
    bit = node.render_annotated(context)
  File "/data/django/IMRUnicorn-Django/venv/lib64/python3.6/site-packages/django/template/base.py", line 903, in render_annotated
    return self.render(context)
  File "/data/django/IMRUnicorn-Django/venv/lib64/python3.6/site-packages/django/template/loader_tags.py", line 150, in render
    return compiled_parent._render(context)
  File "/data/django/IMRUnicorn-Django/venv/lib64/python3.6/site-packages/django/template/base.py", line 163, in _render
    return self.nodelist.render(context)
  File "/data/django/IMRUnicorn-Django/venv/lib64/python3.6/site-packages/django/template/base.py", line 936, in render
    bit = node.render_annotated(context)
  File "/data/django/IMRUnicorn-Django/venv/lib64/python3.6/site-packages/django/template/base.py", line 903, in render_annotated
    return self.render(context)
  File "/data/django/IMRUnicorn-Django/venv/lib64/python3.6/site-packages/django/template/loader_tags.py", line 62, in render
    result = block.nodelist.render(context)
  File "/data/django/IMRUnicorn-Django/venv/lib64/python3.6/site-packages/django/template/base.py", line 936, in render
    bit = node.render_annotated(context)
  File "/data/django/IMRUnicorn-Django/venv/lib64/python3.6/site-packages/django/template/base.py", line 903, in render_annotated
    return self.render(context)
  File "/data/django/IMRUnicorn-Django/venv/lib64/python3.6/site-packages/django/template/loader_tags.py", line 62, in render
    result = block.nodelist.render(context)
  File "/data/django/IMRUnicorn-Django/venv/lib64/python3.6/site-packages/django/template/base.py", line 936, in render
    bit = node.render_annotated(context)
  File "/data/django/IMRUnicorn-Django/venv/lib64/python3.6/site-packages/django/template/base.py", line 903, in render_annotated
    return self.render(context)
  File "/data/django/IMRUnicorn-Django/venv/lib64/python3.6/site-packages/django/template/defaulttags.py", line 209, in render
    nodelist.append(node.render_annotated(context))
  File "/data/django/IMRUnicorn-Django/venv/lib64/python3.6/site-packages/django/template/base.py", line 903, in render_annotated
    return self.render(context)
  File "/data/django/IMRUnicorn-Django/venv/lib64/python3.6/site-packages/django/template/loader_tags.py", line 188, in render
    return template.render(context)
  File "/data/django/IMRUnicorn-Django/venv/lib64/python3.6/site-packages/django/template/base.py", line 173, in render
    return self._render(context)
  File "/data/django/IMRUnicorn-Django/venv/lib64/python3.6/site-packages/django/template/base.py", line 163, in _render
    return self.nodelist.render(context)
  File "/data/django/IMRUnicorn-Django/venv/lib64/python3.6/site-packages/django/template/base.py", line 936, in render
    bit = node.render_annotated(context)
  File "/data/django/IMRUnicorn-Django/venv/lib64/python3.6/site-packages/django/template/base.py", line 903, in render_annotated
    return self.render(context)
  File "/data/django/IMRUnicorn-Django/venv/lib64/python3.6/site-packages/django/template/defaulttags.py", line 209, in render
    nodelist.append(node.render_annotated(context))
  File "/data/django/IMRUnicorn-Django/venv/lib64/python3.6/site-packages/django/template/base.py", line 903, in render_annotated
    return self.render(context)
  File "/data/django/IMRUnicorn-Django/venv/lib64/python3.6/site-packages/django/template/defaulttags.py", line 209, in render
    nodelist.append(node.render_annotated(context))
  File "/data/django/IMRUnicorn-Django/venv/lib64/python3.6/site-packages/django/template/base.py", line 903, in render_annotated
    return self.render(context)
  File "/data/django/IMRUnicorn-Django/venv/lib64/python3.6/site-packages/django/template/defaulttags.py", line 309, in render
    return nodelist.render(context)
  File "/data/django/IMRUnicorn-Django/venv/lib64/python3.6/site-packages/django/template/base.py", line 936, in render
    bit = node.render_annotated(context)
  File "/data/django/IMRUnicorn-Django/venv/lib64/python3.6/site-packages/django/template/base.py", line 903, in render_annotated
    return self.render(context)
  File "/data/django/IMRUnicorn-Django/venv/lib64/python3.6/site-packages/django/template/defaulttags.py", line 309, in render
    return nodelist.render(context)
  File "/data/django/IMRUnicorn-Django/venv/lib64/python3.6/site-packages/django/template/base.py", line 936, in render
    bit = node.render_annotated(context)
  File "/data/django/IMRUnicorn-Django/venv/lib64/python3.6/site-packages/django/template/base.py", line 903, in render_annotated
    return self.render(context)
  File "/data/django/IMRUnicorn-Django/venv/lib64/python3.6/site-packages/django/template/base.py", line 992, in render
    return render_value_in_context(output, context)
  File "/data/django/IMRUnicorn-Django/venv/lib64/python3.6/site-packages/django/template/base.py", line 971, in render_value_in_context
    value = str(value)
  File "/data/django/IMRUnicorn-Django/venv/lib64/python3.6/site-packages/django/utils/html.py", line 373, in <lambda>
    klass.__str__ = lambda self: mark_safe(klass_str(self))
  File "/data/django/IMRUnicorn-Django/venv/lib64/python3.6/site-packages/django/forms/boundfield.py", line 33, in __str__
    return self.as_widget()
  File "/data/django/IMRUnicorn-Django/venv/lib64/python3.6/site-packages/django/forms/boundfield.py", line 96, in as_widget
    renderer=self.form.renderer,
  File "/data/django/IMRUnicorn-Django/venv/lib64/python3.6/site-packages/django/forms/widgets.py", line 241, in render
    context = self.get_context(name, value, attrs)
  File "/data/django/IMRUnicorn-Django/venv/lib64/python3.6/site-packages/django/contrib/auth/forms.py", line 47, in get_context
    for key, value_ in hasher.safe_summary(value).items():
  File "/data/django/IMRUnicorn-Django/venv/lib64/python3.6/site-packages/django/contrib/auth/hashers.py", line 256, in safe_summary
    algorithm, iterations, salt, hash = encoded.split('$', 3)
ValueError: not enough values to unpack (expected 4, got 2)
WARNING|2020-08-26 18:10:31|django.request|Not Found: /dist/js/bootstrap.min.js
WARNING|2020-08-26 18:10:31|django.request|Not Found: /dist/js/bootstrap.min.js
WARNING|2020-08-26 18:10:31|django.request|Not Found: /dist/js/bootstrap.min.js
WARNING|2020-08-26 18:10:31|django.request|Not Found: /dist/js/bootstrap.min.js
WARNING|2020-08-26 18:12:48|django.request|Not Found: /dist/js/bootstrap.min.js
WARNING|2020-08-26 18:12:48|django.request|Not Found: /dist/js/bootstrap.min.js
WARNING|2020-08-26 18:12:48|django.request|Not Found: /dist/js/bootstrap.min.js
WARNING|2020-08-26 18:12:48|django.request|Not Found: /dist/js/bootstrap.min.js
WARNING|2020-08-26 18:12:56|django.request|Not Found: /dist/js/bootstrap.min.js
WARNING|2020-08-26 18:12:56|django.request|Not Found: /dist/js/bootstrap.min.js
WARNING|2020-08-26 18:12:56|django.request|Not Found: /dist/js/bootstrap.min.js
WARNING|2020-08-26 18:12:56|django.request|Not Found: /dist/js/bootstrap.min.js
WARNING|2020-08-26 18:14:23|django.request|Not Found: /dist/js/bootstrap.min.js
WARNING|2020-08-26 18:14:23|django.request|Not Found: /dist/js/bootstrap.min.js
WARNING|2020-08-26 18:14:23|django.request|Not Found: /dist/js/bootstrap.min.js
WARNING|2020-08-26 18:14:23|django.request|Not Found: /dist/js/bootstrap.min.js
ERROR|2020-08-26 18:14:33|django.request|Internal Server Error: /admin/auth/user/
Traceback (most recent call last):
  File "/data/django/IMRUnicorn-Django/venv/lib64/python3.6/site-packages/django/db/backends/utils.py", line 86, in _execute
    return self.cursor.execute(sql, params)
  File "/data/django/IMRUnicorn-Django/venv/lib64/python3.6/site-packages/django/db/backends/mysql/base.py", line 74, in execute
    return self.cursor.execute(query, args)
  File "/data/django/IMRUnicorn-Django/venv/lib64/python3.6/site-packages/MySQLdb/cursors.py", line 209, in execute
    res = self._query(query)
  File "/data/django/IMRUnicorn-Django/venv/lib64/python3.6/site-packages/MySQLdb/cursors.py", line 315, in _query
    db.query(q)
  File "/data/django/IMRUnicorn-Django/venv/lib64/python3.6/site-packages/MySQLdb/connections.py", line 239, in query
    _mysql.connection.query(self, query)
MySQLdb._exceptions.OperationalError: (1054, "Unknown column 'groundhog_logbook_removalsbylocation.kill_shot_three' in 'field list'")

The above exception was the direct cause of the following exception:

Traceback (most recent call last):
  File "/data/django/IMRUnicorn-Django/venv/lib64/python3.6/site-packages/django/core/handlers/exception.py", line 34, in inner
    response = get_response(request)
  File "/data/django/IMRUnicorn-Django/venv/lib64/python3.6/site-packages/django/core/handlers/base.py", line 115, in _get_response
    response = self.process_exception_by_middleware(e, request)
  File "/data/django/IMRUnicorn-Django/venv/lib64/python3.6/site-packages/django/core/handlers/base.py", line 113, in _get_response
    response = wrapped_callback(request, *callback_args, **callback_kwargs)
  File "/data/django/IMRUnicorn-Django/venv/lib64/python3.6/site-packages/django/contrib/admin/options.py", line 607, in wrapper
    return self.admin_site.admin_view(view)(*args, **kwargs)
  File "/data/django/IMRUnicorn-Django/venv/lib64/python3.6/site-packages/django/utils/decorators.py", line 130, in _wrapped_view
    response = view_func(request, *args, **kwargs)
  File "/data/django/IMRUnicorn-Django/venv/lib64/python3.6/site-packages/django/views/decorators/cache.py", line 44, in _wrapped_view_func
    response = view_func(request, *args, **kwargs)
  File "/data/django/IMRUnicorn-Django/venv/lib64/python3.6/site-packages/django/contrib/admin/sites.py", line 231, in inner
    return view(request, *args, **kwargs)
  File "/data/django/IMRUnicorn-Django/venv/lib64/python3.6/site-packages/django/utils/decorators.py", line 43, in _wrapper
    return bound_method(*args, **kwargs)
  File "/data/django/IMRUnicorn-Django/venv/lib64/python3.6/site-packages/django/utils/decorators.py", line 130, in _wrapped_view
    response = view_func(request, *args, **kwargs)
  File "/data/django/IMRUnicorn-Django/venv/lib64/python3.6/site-packages/django/contrib/admin/options.py", line 1704, in changelist_view
    response = self.response_action(request, queryset=cl.get_queryset(request))
  File "/data/django/IMRUnicorn-Django/venv/lib64/python3.6/site-packages/django/contrib/admin/options.py", line 1390, in response_action
    response = func(self, request, queryset)
  File "/data/django/IMRUnicorn-Django/venv/lib64/python3.6/site-packages/django/contrib/admin/actions.py", line 28, in delete_selected
    deletable_objects, model_count, perms_needed, protected = modeladmin.get_deleted_objects(queryset, request)
  File "/data/django/IMRUnicorn-Django/venv/lib64/python3.6/site-packages/django/contrib/admin/options.py", line 1826, in get_deleted_objects
    return get_deleted_objects(objs, request, self.admin_site)
  File "/data/django/IMRUnicorn-Django/venv/lib64/python3.6/site-packages/django/contrib/admin/utils.py", line 118, in get_deleted_objects
    collector.collect(objs)
  File "/data/django/IMRUnicorn-Django/venv/lib64/python3.6/site-packages/django/contrib/admin/utils.py", line 181, in collect
    return super().collect(objs, source_attr=source_attr, **kwargs)
  File "/data/django/IMRUnicorn-Django/venv/lib64/python3.6/site-packages/django/db/models/deletion.py", line 244, in collect
    if sub_objs:
  File "/data/django/IMRUnicorn-Django/venv/lib64/python3.6/site-packages/django/db/models/query.py", line 280, in __bool__
    self._fetch_all()
  File "/data/django/IMRUnicorn-Django/venv/lib64/python3.6/site-packages/django/db/models/query.py", line 1261, in _fetch_all
    self._result_cache = list(self._iterable_class(self))
  File "/data/django/IMRUnicorn-Django/venv/lib64/python3.6/site-packages/django/db/models/query.py", line 57, in __iter__
    results = compiler.execute_sql(chunked_fetch=self.chunked_fetch, chunk_size=self.chunk_size)
  File "/data/django/IMRUnicorn-Django/venv/lib64/python3.6/site-packages/django/db/models/sql/compiler.py", line 1144, in execute_sql
    cursor.execute(sql, params)
  File "/data/django/IMRUnicorn-Django/venv/lib64/python3.6/site-packages/django/db/backends/utils.py", line 100, in execute
    return super().execute(sql, params)
  File "/data/django/IMRUnicorn-Django/venv/lib64/python3.6/site-packages/django/db/backends/utils.py", line 68, in execute
    return self._execute_with_wrappers(sql, params, many=False, executor=self._execute)
  File "/data/django/IMRUnicorn-Django/venv/lib64/python3.6/site-packages/django/db/backends/utils.py", line 77, in _execute_with_wrappers
    return executor(sql, params, many, context)
  File "/data/django/IMRUnicorn-Django/venv/lib64/python3.6/site-packages/django/db/backends/utils.py", line 86, in _execute
    return self.cursor.execute(sql, params)
  File "/data/django/IMRUnicorn-Django/venv/lib64/python3.6/site-packages/django/db/utils.py", line 90, in __exit__
    raise dj_exc_value.with_traceback(traceback) from exc_value
  File "/data/django/IMRUnicorn-Django/venv/lib64/python3.6/site-packages/django/db/backends/utils.py", line 86, in _execute
    return self.cursor.execute(sql, params)
  File "/data/django/IMRUnicorn-Django/venv/lib64/python3.6/site-packages/django/db/backends/mysql/base.py", line 74, in execute
    return self.cursor.execute(query, args)
  File "/data/django/IMRUnicorn-Django/venv/lib64/python3.6/site-packages/MySQLdb/cursors.py", line 209, in execute
    res = self._query(query)
  File "/data/django/IMRUnicorn-Django/venv/lib64/python3.6/site-packages/MySQLdb/cursors.py", line 315, in _query
    db.query(q)
  File "/data/django/IMRUnicorn-Django/venv/lib64/python3.6/site-packages/MySQLdb/connections.py", line 239, in query
    _mysql.connection.query(self, query)
django.db.utils.OperationalError: (1054, "Unknown column 'groundhog_logbook_removalsbylocation.kill_shot_three' in 'field list'")
ERROR|2020-08-26 18:14:33|django.request|Internal Server Error: /admin/auth/user/
Traceback (most recent call last):
  File "/data/django/IMRUnicorn-Django/venv/lib64/python3.6/site-packages/django/db/backends/utils.py", line 86, in _execute
    return self.cursor.execute(sql, params)
  File "/data/django/IMRUnicorn-Django/venv/lib64/python3.6/site-packages/django/db/backends/mysql/base.py", line 74, in execute
    return self.cursor.execute(query, args)
  File "/data/django/IMRUnicorn-Django/venv/lib64/python3.6/site-packages/MySQLdb/cursors.py", line 209, in execute
    res = self._query(query)
  File "/data/django/IMRUnicorn-Django/venv/lib64/python3.6/site-packages/MySQLdb/cursors.py", line 315, in _query
    db.query(q)
  File "/data/django/IMRUnicorn-Django/venv/lib64/python3.6/site-packages/MySQLdb/connections.py", line 239, in query
    _mysql.connection.query(self, query)
MySQLdb._exceptions.OperationalError: (1054, "Unknown column 'groundhog_logbook_removalsbylocation.kill_shot_three' in 'field list'")

The above exception was the direct cause of the following exception:

Traceback (most recent call last):
  File "/data/django/IMRUnicorn-Django/venv/lib64/python3.6/site-packages/django/core/handlers/exception.py", line 34, in inner
    response = get_response(request)
  File "/data/django/IMRUnicorn-Django/venv/lib64/python3.6/site-packages/django/core/handlers/base.py", line 115, in _get_response
    response = self.process_exception_by_middleware(e, request)
  File "/data/django/IMRUnicorn-Django/venv/lib64/python3.6/site-packages/django/core/handlers/base.py", line 113, in _get_response
    response = wrapped_callback(request, *callback_args, **callback_kwargs)
  File "/data/django/IMRUnicorn-Django/venv/lib64/python3.6/site-packages/django/contrib/admin/options.py", line 607, in wrapper
    return self.admin_site.admin_view(view)(*args, **kwargs)
  File "/data/django/IMRUnicorn-Django/venv/lib64/python3.6/site-packages/django/utils/decorators.py", line 130, in _wrapped_view
    response = view_func(request, *args, **kwargs)
  File "/data/django/IMRUnicorn-Django/venv/lib64/python3.6/site-packages/django/views/decorators/cache.py", line 44, in _wrapped_view_func
    response = view_func(request, *args, **kwargs)
  File "/data/django/IMRUnicorn-Django/venv/lib64/python3.6/site-packages/django/contrib/admin/sites.py", line 231, in inner
    return view(request, *args, **kwargs)
  File "/data/django/IMRUnicorn-Django/venv/lib64/python3.6/site-packages/django/utils/decorators.py", line 43, in _wrapper
    return bound_method(*args, **kwargs)
  File "/data/django/IMRUnicorn-Django/venv/lib64/python3.6/site-packages/django/utils/decorators.py", line 130, in _wrapped_view
    response = view_func(request, *args, **kwargs)
  File "/data/django/IMRUnicorn-Django/venv/lib64/python3.6/site-packages/django/contrib/admin/options.py", line 1704, in changelist_view
    response = self.response_action(request, queryset=cl.get_queryset(request))
  File "/data/django/IMRUnicorn-Django/venv/lib64/python3.6/site-packages/django/contrib/admin/options.py", line 1390, in response_action
    response = func(self, request, queryset)
  File "/data/django/IMRUnicorn-Django/venv/lib64/python3.6/site-packages/django/contrib/admin/actions.py", line 28, in delete_selected
    deletable_objects, model_count, perms_needed, protected = modeladmin.get_deleted_objects(queryset, request)
  File "/data/django/IMRUnicorn-Django/venv/lib64/python3.6/site-packages/django/contrib/admin/options.py", line 1826, in get_deleted_objects
    return get_deleted_objects(objs, request, self.admin_site)
  File "/data/django/IMRUnicorn-Django/venv/lib64/python3.6/site-packages/django/contrib/admin/utils.py", line 118, in get_deleted_objects
    collector.collect(objs)
  File "/data/django/IMRUnicorn-Django/venv/lib64/python3.6/site-packages/django/contrib/admin/utils.py", line 181, in collect
    return super().collect(objs, source_attr=source_attr, **kwargs)
  File "/data/django/IMRUnicorn-Django/venv/lib64/python3.6/site-packages/django/db/models/deletion.py", line 244, in collect
    if sub_objs:
  File "/data/django/IMRUnicorn-Django/venv/lib64/python3.6/site-packages/django/db/models/query.py", line 280, in __bool__
    self._fetch_all()
  File "/data/django/IMRUnicorn-Django/venv/lib64/python3.6/site-packages/django/db/models/query.py", line 1261, in _fetch_all
    self._result_cache = list(self._iterable_class(self))
  File "/data/django/IMRUnicorn-Django/venv/lib64/python3.6/site-packages/django/db/models/query.py", line 57, in __iter__
    results = compiler.execute_sql(chunked_fetch=self.chunked_fetch, chunk_size=self.chunk_size)
  File "/data/django/IMRUnicorn-Django/venv/lib64/python3.6/site-packages/django/db/models/sql/compiler.py", line 1144, in execute_sql
    cursor.execute(sql, params)
  File "/data/django/IMRUnicorn-Django/venv/lib64/python3.6/site-packages/django/db/backends/utils.py", line 100, in execute
    return super().execute(sql, params)
  File "/data/django/IMRUnicorn-Django/venv/lib64/python3.6/site-packages/django/db/backends/utils.py", line 68, in execute
    return self._execute_with_wrappers(sql, params, many=False, executor=self._execute)
  File "/data/django/IMRUnicorn-Django/venv/lib64/python3.6/site-packages/django/db/backends/utils.py", line 77, in _execute_with_wrappers
    return executor(sql, params, many, context)
  File "/data/django/IMRUnicorn-Django/venv/lib64/python3.6/site-packages/django/db/backends/utils.py", line 86, in _execute
    return self.cursor.execute(sql, params)
  File "/data/django/IMRUnicorn-Django/venv/lib64/python3.6/site-packages/django/db/utils.py", line 90, in __exit__
    raise dj_exc_value.with_traceback(traceback) from exc_value
  File "/data/django/IMRUnicorn-Django/venv/lib64/python3.6/site-packages/django/db/backends/utils.py", line 86, in _execute
    return self.cursor.execute(sql, params)
  File "/data/django/IMRUnicorn-Django/venv/lib64/python3.6/site-packages/django/db/backends/mysql/base.py", line 74, in execute
    return self.cursor.execute(query, args)
  File "/data/django/IMRUnicorn-Django/venv/lib64/python3.6/site-packages/MySQLdb/cursors.py", line 209, in execute
    res = self._query(query)
  File "/data/django/IMRUnicorn-Django/venv/lib64/python3.6/site-packages/MySQLdb/cursors.py", line 315, in _query
    db.query(q)
  File "/data/django/IMRUnicorn-Django/venv/lib64/python3.6/site-packages/MySQLdb/connections.py", line 239, in query
    _mysql.connection.query(self, query)
django.db.utils.OperationalError: (1054, "Unknown column 'groundhog_logbook_removalsbylocation.kill_shot_three' in 'field list'")
ERROR|2020-08-26 18:15:08|django.request|Internal Server Error: /admin/auth/user/
Traceback (most recent call last):
  File "/data/django/IMRUnicorn-Django/venv/lib64/python3.6/site-packages/django/db/backends/utils.py", line 86, in _execute
    return self.cursor.execute(sql, params)
  File "/data/django/IMRUnicorn-Django/venv/lib64/python3.6/site-packages/django/db/backends/mysql/base.py", line 74, in execute
    return self.cursor.execute(query, args)
  File "/data/django/IMRUnicorn-Django/venv/lib64/python3.6/site-packages/MySQLdb/cursors.py", line 209, in execute
    res = self._query(query)
  File "/data/django/IMRUnicorn-Django/venv/lib64/python3.6/site-packages/MySQLdb/cursors.py", line 315, in _query
    db.query(q)
  File "/data/django/IMRUnicorn-Django/venv/lib64/python3.6/site-packages/MySQLdb/connections.py", line 239, in query
    _mysql.connection.query(self, query)
MySQLdb._exceptions.OperationalError: (1054, "Unknown column 'groundhog_logbook_removalsbylocation.kill_shot_three' in 'field list'")

The above exception was the direct cause of the following exception:

Traceback (most recent call last):
  File "/data/django/IMRUnicorn-Django/venv/lib64/python3.6/site-packages/django/core/handlers/exception.py", line 34, in inner
    response = get_response(request)
  File "/data/django/IMRUnicorn-Django/venv/lib64/python3.6/site-packages/django/core/handlers/base.py", line 115, in _get_response
    response = self.process_exception_by_middleware(e, request)
  File "/data/django/IMRUnicorn-Django/venv/lib64/python3.6/site-packages/django/core/handlers/base.py", line 113, in _get_response
    response = wrapped_callback(request, *callback_args, **callback_kwargs)
  File "/data/django/IMRUnicorn-Django/venv/lib64/python3.6/site-packages/django/contrib/admin/options.py", line 607, in wrapper
    return self.admin_site.admin_view(view)(*args, **kwargs)
  File "/data/django/IMRUnicorn-Django/venv/lib64/python3.6/site-packages/django/utils/decorators.py", line 130, in _wrapped_view
    response = view_func(request, *args, **kwargs)
  File "/data/django/IMRUnicorn-Django/venv/lib64/python3.6/site-packages/django/views/decorators/cache.py", line 44, in _wrapped_view_func
    response = view_func(request, *args, **kwargs)
  File "/data/django/IMRUnicorn-Django/venv/lib64/python3.6/site-packages/django/contrib/admin/sites.py", line 231, in inner
    return view(request, *args, **kwargs)
  File "/data/django/IMRUnicorn-Django/venv/lib64/python3.6/site-packages/django/utils/decorators.py", line 43, in _wrapper
    return bound_method(*args, **kwargs)
  File "/data/django/IMRUnicorn-Django/venv/lib64/python3.6/site-packages/django/utils/decorators.py", line 130, in _wrapped_view
    response = view_func(request, *args, **kwargs)
  File "/data/django/IMRUnicorn-Django/venv/lib64/python3.6/site-packages/django/contrib/admin/options.py", line 1704, in changelist_view
    response = self.response_action(request, queryset=cl.get_queryset(request))
  File "/data/django/IMRUnicorn-Django/venv/lib64/python3.6/site-packages/django/contrib/admin/options.py", line 1390, in response_action
    response = func(self, request, queryset)
  File "/data/django/IMRUnicorn-Django/venv/lib64/python3.6/site-packages/django/contrib/admin/actions.py", line 28, in delete_selected
    deletable_objects, model_count, perms_needed, protected = modeladmin.get_deleted_objects(queryset, request)
  File "/data/django/IMRUnicorn-Django/venv/lib64/python3.6/site-packages/django/contrib/admin/options.py", line 1826, in get_deleted_objects
    return get_deleted_objects(objs, request, self.admin_site)
  File "/data/django/IMRUnicorn-Django/venv/lib64/python3.6/site-packages/django/contrib/admin/utils.py", line 118, in get_deleted_objects
    collector.collect(objs)
  File "/data/django/IMRUnicorn-Django/venv/lib64/python3.6/site-packages/django/contrib/admin/utils.py", line 181, in collect
    return super().collect(objs, source_attr=source_attr, **kwargs)
  File "/data/django/IMRUnicorn-Django/venv/lib64/python3.6/site-packages/django/db/models/deletion.py", line 244, in collect
    if sub_objs:
  File "/data/django/IMRUnicorn-Django/venv/lib64/python3.6/site-packages/django/db/models/query.py", line 280, in __bool__
    self._fetch_all()
  File "/data/django/IMRUnicorn-Django/venv/lib64/python3.6/site-packages/django/db/models/query.py", line 1261, in _fetch_all
    self._result_cache = list(self._iterable_class(self))
  File "/data/django/IMRUnicorn-Django/venv/lib64/python3.6/site-packages/django/db/models/query.py", line 57, in __iter__
    results = compiler.execute_sql(chunked_fetch=self.chunked_fetch, chunk_size=self.chunk_size)
  File "/data/django/IMRUnicorn-Django/venv/lib64/python3.6/site-packages/django/db/models/sql/compiler.py", line 1144, in execute_sql
    cursor.execute(sql, params)
  File "/data/django/IMRUnicorn-Django/venv/lib64/python3.6/site-packages/django/db/backends/utils.py", line 100, in execute
    return super().execute(sql, params)
  File "/data/django/IMRUnicorn-Django/venv/lib64/python3.6/site-packages/django/db/backends/utils.py", line 68, in execute
    return self._execute_with_wrappers(sql, params, many=False, executor=self._execute)
  File "/data/django/IMRUnicorn-Django/venv/lib64/python3.6/site-packages/django/db/backends/utils.py", line 77, in _execute_with_wrappers
    return executor(sql, params, many, context)
  File "/data/django/IMRUnicorn-Django/venv/lib64/python3.6/site-packages/django/db/backends/utils.py", line 86, in _execute
    return self.cursor.execute(sql, params)
  File "/data/django/IMRUnicorn-Django/venv/lib64/python3.6/site-packages/django/db/utils.py", line 90, in __exit__
    raise dj_exc_value.with_traceback(traceback) from exc_value
  File "/data/django/IMRUnicorn-Django/venv/lib64/python3.6/site-packages/django/db/backends/utils.py", line 86, in _execute
    return self.cursor.execute(sql, params)
  File "/data/django/IMRUnicorn-Django/venv/lib64/python3.6/site-packages/django/db/backends/mysql/base.py", line 74, in execute
    return self.cursor.execute(query, args)
  File "/data/django/IMRUnicorn-Django/venv/lib64/python3.6/site-packages/MySQLdb/cursors.py", line 209, in execute
    res = self._query(query)
  File "/data/django/IMRUnicorn-Django/venv/lib64/python3.6/site-packages/MySQLdb/cursors.py", line 315, in _query
    db.query(q)
  File "/data/django/IMRUnicorn-Django/venv/lib64/python3.6/site-packages/MySQLdb/connections.py", line 239, in query
    _mysql.connection.query(self, query)
django.db.utils.OperationalError: (1054, "Unknown column 'groundhog_logbook_removalsbylocation.kill_shot_three' in 'field list'")
ERROR|2020-08-26 18:15:08|django.request|Internal Server Error: /admin/auth/user/
Traceback (most recent call last):
  File "/data/django/IMRUnicorn-Django/venv/lib64/python3.6/site-packages/django/db/backends/utils.py", line 86, in _execute
    return self.cursor.execute(sql, params)
  File "/data/django/IMRUnicorn-Django/venv/lib64/python3.6/site-packages/django/db/backends/mysql/base.py", line 74, in execute
    return self.cursor.execute(query, args)
  File "/data/django/IMRUnicorn-Django/venv/lib64/python3.6/site-packages/MySQLdb/cursors.py", line 209, in execute
    res = self._query(query)
  File "/data/django/IMRUnicorn-Django/venv/lib64/python3.6/site-packages/MySQLdb/cursors.py", line 315, in _query
    db.query(q)
  File "/data/django/IMRUnicorn-Django/venv/lib64/python3.6/site-packages/MySQLdb/connections.py", line 239, in query
    _mysql.connection.query(self, query)
MySQLdb._exceptions.OperationalError: (1054, "Unknown column 'groundhog_logbook_removalsbylocation.kill_shot_three' in 'field list'")

The above exception was the direct cause of the following exception:

Traceback (most recent call last):
  File "/data/django/IMRUnicorn-Django/venv/lib64/python3.6/site-packages/django/core/handlers/exception.py", line 34, in inner
    response = get_response(request)
  File "/data/django/IMRUnicorn-Django/venv/lib64/python3.6/site-packages/django/core/handlers/base.py", line 115, in _get_response
    response = self.process_exception_by_middleware(e, request)
  File "/data/django/IMRUnicorn-Django/venv/lib64/python3.6/site-packages/django/core/handlers/base.py", line 113, in _get_response
    response = wrapped_callback(request, *callback_args, **callback_kwargs)
  File "/data/django/IMRUnicorn-Django/venv/lib64/python3.6/site-packages/django/contrib/admin/options.py", line 607, in wrapper
    return self.admin_site.admin_view(view)(*args, **kwargs)
  File "/data/django/IMRUnicorn-Django/venv/lib64/python3.6/site-packages/django/utils/decorators.py", line 130, in _wrapped_view
    response = view_func(request, *args, **kwargs)
  File "/data/django/IMRUnicorn-Django/venv/lib64/python3.6/site-packages/django/views/decorators/cache.py", line 44, in _wrapped_view_func
    response = view_func(request, *args, **kwargs)
  File "/data/django/IMRUnicorn-Django/venv/lib64/python3.6/site-packages/django/contrib/admin/sites.py", line 231, in inner
    return view(request, *args, **kwargs)
  File "/data/django/IMRUnicorn-Django/venv/lib64/python3.6/site-packages/django/utils/decorators.py", line 43, in _wrapper
    return bound_method(*args, **kwargs)
  File "/data/django/IMRUnicorn-Django/venv/lib64/python3.6/site-packages/django/utils/decorators.py", line 130, in _wrapped_view
    response = view_func(request, *args, **kwargs)
  File "/data/django/IMRUnicorn-Django/venv/lib64/python3.6/site-packages/django/contrib/admin/options.py", line 1704, in changelist_view
    response = self.response_action(request, queryset=cl.get_queryset(request))
  File "/data/django/IMRUnicorn-Django/venv/lib64/python3.6/site-packages/django/contrib/admin/options.py", line 1390, in response_action
    response = func(self, request, queryset)
  File "/data/django/IMRUnicorn-Django/venv/lib64/python3.6/site-packages/django/contrib/admin/actions.py", line 28, in delete_selected
    deletable_objects, model_count, perms_needed, protected = modeladmin.get_deleted_objects(queryset, request)
  File "/data/django/IMRUnicorn-Django/venv/lib64/python3.6/site-packages/django/contrib/admin/options.py", line 1826, in get_deleted_objects
    return get_deleted_objects(objs, request, self.admin_site)
  File "/data/django/IMRUnicorn-Django/venv/lib64/python3.6/site-packages/django/contrib/admin/utils.py", line 118, in get_deleted_objects
    collector.collect(objs)
  File "/data/django/IMRUnicorn-Django/venv/lib64/python3.6/site-packages/django/contrib/admin/utils.py", line 181, in collect
    return super().collect(objs, source_attr=source_attr, **kwargs)
  File "/data/django/IMRUnicorn-Django/venv/lib64/python3.6/site-packages/django/db/models/deletion.py", line 244, in collect
    if sub_objs:
  File "/data/django/IMRUnicorn-Django/venv/lib64/python3.6/site-packages/django/db/models/query.py", line 280, in __bool__
    self._fetch_all()
  File "/data/django/IMRUnicorn-Django/venv/lib64/python3.6/site-packages/django/db/models/query.py", line 1261, in _fetch_all
    self._result_cache = list(self._iterable_class(self))
  File "/data/django/IMRUnicorn-Django/venv/lib64/python3.6/site-packages/django/db/models/query.py", line 57, in __iter__
    results = compiler.execute_sql(chunked_fetch=self.chunked_fetch, chunk_size=self.chunk_size)
  File "/data/django/IMRUnicorn-Django/venv/lib64/python3.6/site-packages/django/db/models/sql/compiler.py", line 1144, in execute_sql
    cursor.execute(sql, params)
  File "/data/django/IMRUnicorn-Django/venv/lib64/python3.6/site-packages/django/db/backends/utils.py", line 100, in execute
    return super().execute(sql, params)
  File "/data/django/IMRUnicorn-Django/venv/lib64/python3.6/site-packages/django/db/backends/utils.py", line 68, in execute
    return self._execute_with_wrappers(sql, params, many=False, executor=self._execute)
  File "/data/django/IMRUnicorn-Django/venv/lib64/python3.6/site-packages/django/db/backends/utils.py", line 77, in _execute_with_wrappers
    return executor(sql, params, many, context)
  File "/data/django/IMRUnicorn-Django/venv/lib64/python3.6/site-packages/django/db/backends/utils.py", line 86, in _execute
    return self.cursor.execute(sql, params)
  File "/data/django/IMRUnicorn-Django/venv/lib64/python3.6/site-packages/django/db/utils.py", line 90, in __exit__
    raise dj_exc_value.with_traceback(traceback) from exc_value
  File "/data/django/IMRUnicorn-Django/venv/lib64/python3.6/site-packages/django/db/backends/utils.py", line 86, in _execute
    return self.cursor.execute(sql, params)
  File "/data/django/IMRUnicorn-Django/venv/lib64/python3.6/site-packages/django/db/backends/mysql/base.py", line 74, in execute
    return self.cursor.execute(query, args)
  File "/data/django/IMRUnicorn-Django/venv/lib64/python3.6/site-packages/MySQLdb/cursors.py", line 209, in execute
    res = self._query(query)
  File "/data/django/IMRUnicorn-Django/venv/lib64/python3.6/site-packages/MySQLdb/cursors.py", line 315, in _query
    db.query(q)
  File "/data/django/IMRUnicorn-Django/venv/lib64/python3.6/site-packages/MySQLdb/connections.py", line 239, in query
    _mysql.connection.query(self, query)
django.db.utils.OperationalError: (1054, "Unknown column 'groundhog_logbook_removalsbylocation.kill_shot_three' in 'field list'")
ERROR|2020-08-26 18:17:13|django.request|Internal Server Error: /admin/auth/user/5/change/
Traceback (most recent call last):
  File "/data/django/IMRUnicorn-Django/venv/lib64/python3.6/site-packages/django/core/handlers/exception.py", line 34, in inner
    response = get_response(request)
  File "/data/django/IMRUnicorn-Django/venv/lib64/python3.6/site-packages/django/core/handlers/base.py", line 145, in _get_response
    response = self.process_exception_by_middleware(e, request)
  File "/data/django/IMRUnicorn-Django/venv/lib64/python3.6/site-packages/django/core/handlers/base.py", line 143, in _get_response
    response = response.render()
  File "/data/django/IMRUnicorn-Django/venv/lib64/python3.6/site-packages/django/template/response.py", line 105, in render
    self.content = self.rendered_content
  File "/data/django/IMRUnicorn-Django/venv/lib64/python3.6/site-packages/django/template/response.py", line 83, in rendered_content
    return template.render(context, self._request)
  File "/data/django/IMRUnicorn-Django/venv/lib64/python3.6/site-packages/django/template/backends/django.py", line 61, in render
    return self.template.render(context)
  File "/data/django/IMRUnicorn-Django/venv/lib64/python3.6/site-packages/django/template/base.py", line 171, in render
    return self._render(context)
  File "/data/django/IMRUnicorn-Django/venv/lib64/python3.6/site-packages/django/template/base.py", line 163, in _render
    return self.nodelist.render(context)
  File "/data/django/IMRUnicorn-Django/venv/lib64/python3.6/site-packages/django/template/base.py", line 936, in render
    bit = node.render_annotated(context)
  File "/data/django/IMRUnicorn-Django/venv/lib64/python3.6/site-packages/django/template/base.py", line 903, in render_annotated
    return self.render(context)
  File "/data/django/IMRUnicorn-Django/venv/lib64/python3.6/site-packages/django/template/loader_tags.py", line 150, in render
    return compiled_parent._render(context)
  File "/data/django/IMRUnicorn-Django/venv/lib64/python3.6/site-packages/django/template/base.py", line 163, in _render
    return self.nodelist.render(context)
  File "/data/django/IMRUnicorn-Django/venv/lib64/python3.6/site-packages/django/template/base.py", line 936, in render
    bit = node.render_annotated(context)
  File "/data/django/IMRUnicorn-Django/venv/lib64/python3.6/site-packages/django/template/base.py", line 903, in render_annotated
    return self.render(context)
  File "/data/django/IMRUnicorn-Django/venv/lib64/python3.6/site-packages/django/template/loader_tags.py", line 150, in render
    return compiled_parent._render(context)
  File "/data/django/IMRUnicorn-Django/venv/lib64/python3.6/site-packages/django/template/base.py", line 163, in _render
    return self.nodelist.render(context)
  File "/data/django/IMRUnicorn-Django/venv/lib64/python3.6/site-packages/django/template/base.py", line 936, in render
    bit = node.render_annotated(context)
  File "/data/django/IMRUnicorn-Django/venv/lib64/python3.6/site-packages/django/template/base.py", line 903, in render_annotated
    return self.render(context)
  File "/data/django/IMRUnicorn-Django/venv/lib64/python3.6/site-packages/django/template/loader_tags.py", line 62, in render
    result = block.nodelist.render(context)
  File "/data/django/IMRUnicorn-Django/venv/lib64/python3.6/site-packages/django/template/base.py", line 936, in render
    bit = node.render_annotated(context)
  File "/data/django/IMRUnicorn-Django/venv/lib64/python3.6/site-packages/django/template/base.py", line 903, in render_annotated
    return self.render(context)
  File "/data/django/IMRUnicorn-Django/venv/lib64/python3.6/site-packages/django/template/loader_tags.py", line 62, in render
    result = block.nodelist.render(context)
  File "/data/django/IMRUnicorn-Django/venv/lib64/python3.6/site-packages/django/template/base.py", line 936, in render
    bit = node.render_annotated(context)
  File "/data/django/IMRUnicorn-Django/venv/lib64/python3.6/site-packages/django/template/base.py", line 903, in render_annotated
    return self.render(context)
  File "/data/django/IMRUnicorn-Django/venv/lib64/python3.6/site-packages/django/template/defaulttags.py", line 209, in render
    nodelist.append(node.render_annotated(context))
  File "/data/django/IMRUnicorn-Django/venv/lib64/python3.6/site-packages/django/template/base.py", line 903, in render_annotated
    return self.render(context)
  File "/data/django/IMRUnicorn-Django/venv/lib64/python3.6/site-packages/django/template/loader_tags.py", line 188, in render
    return template.render(context)
  File "/data/django/IMRUnicorn-Django/venv/lib64/python3.6/site-packages/django/template/base.py", line 173, in render
    return self._render(context)
  File "/data/django/IMRUnicorn-Django/venv/lib64/python3.6/site-packages/django/template/base.py", line 163, in _render
    return self.nodelist.render(context)
  File "/data/django/IMRUnicorn-Django/venv/lib64/python3.6/site-packages/django/template/base.py", line 936, in render
    bit = node.render_annotated(context)
  File "/data/django/IMRUnicorn-Django/venv/lib64/python3.6/site-packages/django/template/base.py", line 903, in render_annotated
    return self.render(context)
  File "/data/django/IMRUnicorn-Django/venv/lib64/python3.6/site-packages/django/template/defaulttags.py", line 209, in render
    nodelist.append(node.render_annotated(context))
  File "/data/django/IMRUnicorn-Django/venv/lib64/python3.6/site-packages/django/template/base.py", line 903, in render_annotated
    return self.render(context)
  File "/data/django/IMRUnicorn-Django/venv/lib64/python3.6/site-packages/django/template/defaulttags.py", line 209, in render
    nodelist.append(node.render_annotated(context))
  File "/data/django/IMRUnicorn-Django/venv/lib64/python3.6/site-packages/django/template/base.py", line 903, in render_annotated
    return self.render(context)
  File "/data/django/IMRUnicorn-Django/venv/lib64/python3.6/site-packages/django/template/defaulttags.py", line 309, in render
    return nodelist.render(context)
  File "/data/django/IMRUnicorn-Django/venv/lib64/python3.6/site-packages/django/template/base.py", line 936, in render
    bit = node.render_annotated(context)
  File "/data/django/IMRUnicorn-Django/venv/lib64/python3.6/site-packages/django/template/base.py", line 903, in render_annotated
    return self.render(context)
  File "/data/django/IMRUnicorn-Django/venv/lib64/python3.6/site-packages/django/template/defaulttags.py", line 309, in render
    return nodelist.render(context)
  File "/data/django/IMRUnicorn-Django/venv/lib64/python3.6/site-packages/django/template/base.py", line 936, in render
    bit = node.render_annotated(context)
  File "/data/django/IMRUnicorn-Django/venv/lib64/python3.6/site-packages/django/template/base.py", line 903, in render_annotated
    return self.render(context)
  File "/data/django/IMRUnicorn-Django/venv/lib64/python3.6/site-packages/django/template/base.py", line 992, in render
    return render_value_in_context(output, context)
  File "/data/django/IMRUnicorn-Django/venv/lib64/python3.6/site-packages/django/template/base.py", line 971, in render_value_in_context
    value = str(value)
  File "/data/django/IMRUnicorn-Django/venv/lib64/python3.6/site-packages/django/utils/html.py", line 373, in <lambda>
    klass.__str__ = lambda self: mark_safe(klass_str(self))
  File "/data/django/IMRUnicorn-Django/venv/lib64/python3.6/site-packages/django/forms/boundfield.py", line 33, in __str__
    return self.as_widget()
  File "/data/django/IMRUnicorn-Django/venv/lib64/python3.6/site-packages/django/forms/boundfield.py", line 96, in as_widget
    renderer=self.form.renderer,
  File "/data/django/IMRUnicorn-Django/venv/lib64/python3.6/site-packages/django/forms/widgets.py", line 241, in render
    context = self.get_context(name, value, attrs)
  File "/data/django/IMRUnicorn-Django/venv/lib64/python3.6/site-packages/django/contrib/auth/forms.py", line 47, in get_context
    for key, value_ in hasher.safe_summary(value).items():
  File "/data/django/IMRUnicorn-Django/venv/lib64/python3.6/site-packages/django/contrib/auth/hashers.py", line 256, in safe_summary
    algorithm, iterations, salt, hash = encoded.split('$', 3)
ValueError: not enough values to unpack (expected 4, got 2)
ERROR|2020-08-26 18:17:13|django.request|Internal Server Error: /admin/auth/user/5/change/
Traceback (most recent call last):
  File "/data/django/IMRUnicorn-Django/venv/lib64/python3.6/site-packages/django/core/handlers/exception.py", line 34, in inner
    response = get_response(request)
  File "/data/django/IMRUnicorn-Django/venv/lib64/python3.6/site-packages/django/core/handlers/base.py", line 145, in _get_response
    response = self.process_exception_by_middleware(e, request)
  File "/data/django/IMRUnicorn-Django/venv/lib64/python3.6/site-packages/django/core/handlers/base.py", line 143, in _get_response
    response = response.render()
  File "/data/django/IMRUnicorn-Django/venv/lib64/python3.6/site-packages/django/template/response.py", line 105, in render
    self.content = self.rendered_content
  File "/data/django/IMRUnicorn-Django/venv/lib64/python3.6/site-packages/django/template/response.py", line 83, in rendered_content
    return template.render(context, self._request)
  File "/data/django/IMRUnicorn-Django/venv/lib64/python3.6/site-packages/django/template/backends/django.py", line 61, in render
    return self.template.render(context)
  File "/data/django/IMRUnicorn-Django/venv/lib64/python3.6/site-packages/django/template/base.py", line 171, in render
    return self._render(context)
  File "/data/django/IMRUnicorn-Django/venv/lib64/python3.6/site-packages/django/template/base.py", line 163, in _render
    return self.nodelist.render(context)
  File "/data/django/IMRUnicorn-Django/venv/lib64/python3.6/site-packages/django/template/base.py", line 936, in render
    bit = node.render_annotated(context)
  File "/data/django/IMRUnicorn-Django/venv/lib64/python3.6/site-packages/django/template/base.py", line 903, in render_annotated
    return self.render(context)
  File "/data/django/IMRUnicorn-Django/venv/lib64/python3.6/site-packages/django/template/loader_tags.py", line 150, in render
    return compiled_parent._render(context)
  File "/data/django/IMRUnicorn-Django/venv/lib64/python3.6/site-packages/django/template/base.py", line 163, in _render
    return self.nodelist.render(context)
  File "/data/django/IMRUnicorn-Django/venv/lib64/python3.6/site-packages/django/template/base.py", line 936, in render
    bit = node.render_annotated(context)
  File "/data/django/IMRUnicorn-Django/venv/lib64/python3.6/site-packages/django/template/base.py", line 903, in render_annotated
    return self.render(context)
  File "/data/django/IMRUnicorn-Django/venv/lib64/python3.6/site-packages/django/template/loader_tags.py", line 150, in render
    return compiled_parent._render(context)
  File "/data/django/IMRUnicorn-Django/venv/lib64/python3.6/site-packages/django/template/base.py", line 163, in _render
    return self.nodelist.render(context)
  File "/data/django/IMRUnicorn-Django/venv/lib64/python3.6/site-packages/django/template/base.py", line 936, in render
    bit = node.render_annotated(context)
  File "/data/django/IMRUnicorn-Django/venv/lib64/python3.6/site-packages/django/template/base.py", line 903, in render_annotated
    return self.render(context)
  File "/data/django/IMRUnicorn-Django/venv/lib64/python3.6/site-packages/django/template/loader_tags.py", line 62, in render
    result = block.nodelist.render(context)
  File "/data/django/IMRUnicorn-Django/venv/lib64/python3.6/site-packages/django/template/base.py", line 936, in render
    bit = node.render_annotated(context)
  File "/data/django/IMRUnicorn-Django/venv/lib64/python3.6/site-packages/django/template/base.py", line 903, in render_annotated
    return self.render(context)
  File "/data/django/IMRUnicorn-Django/venv/lib64/python3.6/site-packages/django/template/loader_tags.py", line 62, in render
    result = block.nodelist.render(context)
  File "/data/django/IMRUnicorn-Django/venv/lib64/python3.6/site-packages/django/template/base.py", line 936, in render
    bit = node.render_annotated(context)
  File "/data/django/IMRUnicorn-Django/venv/lib64/python3.6/site-packages/django/template/base.py", line 903, in render_annotated
    return self.render(context)
  File "/data/django/IMRUnicorn-Django/venv/lib64/python3.6/site-packages/django/template/defaulttags.py", line 209, in render
    nodelist.append(node.render_annotated(context))
  File "/data/django/IMRUnicorn-Django/venv/lib64/python3.6/site-packages/django/template/base.py", line 903, in render_annotated
    return self.render(context)
  File "/data/django/IMRUnicorn-Django/venv/lib64/python3.6/site-packages/django/template/loader_tags.py", line 188, in render
    return template.render(context)
  File "/data/django/IMRUnicorn-Django/venv/lib64/python3.6/site-packages/django/template/base.py", line 173, in render
    return self._render(context)
  File "/data/django/IMRUnicorn-Django/venv/lib64/python3.6/site-packages/django/template/base.py", line 163, in _render
    return self.nodelist.render(context)
  File "/data/django/IMRUnicorn-Django/venv/lib64/python3.6/site-packages/django/template/base.py", line 936, in render
    bit = node.render_annotated(context)
  File "/data/django/IMRUnicorn-Django/venv/lib64/python3.6/site-packages/django/template/base.py", line 903, in render_annotated
    return self.render(context)
  File "/data/django/IMRUnicorn-Django/venv/lib64/python3.6/site-packages/django/template/defaulttags.py", line 209, in render
    nodelist.append(node.render_annotated(context))
  File "/data/django/IMRUnicorn-Django/venv/lib64/python3.6/site-packages/django/template/base.py", line 903, in render_annotated
    return self.render(context)
  File "/data/django/IMRUnicorn-Django/venv/lib64/python3.6/site-packages/django/template/defaulttags.py", line 209, in render
    nodelist.append(node.render_annotated(context))
  File "/data/django/IMRUnicorn-Django/venv/lib64/python3.6/site-packages/django/template/base.py", line 903, in render_annotated
    return self.render(context)
  File "/data/django/IMRUnicorn-Django/venv/lib64/python3.6/site-packages/django/template/defaulttags.py", line 309, in render
    return nodelist.render(context)
  File "/data/django/IMRUnicorn-Django/venv/lib64/python3.6/site-packages/django/template/base.py", line 936, in render
    bit = node.render_annotated(context)
  File "/data/django/IMRUnicorn-Django/venv/lib64/python3.6/site-packages/django/template/base.py", line 903, in render_annotated
    return self.render(context)
  File "/data/django/IMRUnicorn-Django/venv/lib64/python3.6/site-packages/django/template/defaulttags.py", line 309, in render
    return nodelist.render(context)
  File "/data/django/IMRUnicorn-Django/venv/lib64/python3.6/site-packages/django/template/base.py", line 936, in render
    bit = node.render_annotated(context)
  File "/data/django/IMRUnicorn-Django/venv/lib64/python3.6/site-packages/django/template/base.py", line 903, in render_annotated
    return self.render(context)
  File "/data/django/IMRUnicorn-Django/venv/lib64/python3.6/site-packages/django/template/base.py", line 992, in render
    return render_value_in_context(output, context)
  File "/data/django/IMRUnicorn-Django/venv/lib64/python3.6/site-packages/django/template/base.py", line 971, in render_value_in_context
    value = str(value)
  File "/data/django/IMRUnicorn-Django/venv/lib64/python3.6/site-packages/django/utils/html.py", line 373, in <lambda>
    klass.__str__ = lambda self: mark_safe(klass_str(self))
  File "/data/django/IMRUnicorn-Django/venv/lib64/python3.6/site-packages/django/forms/boundfield.py", line 33, in __str__
    return self.as_widget()
  File "/data/django/IMRUnicorn-Django/venv/lib64/python3.6/site-packages/django/forms/boundfield.py", line 96, in as_widget
    renderer=self.form.renderer,
  File "/data/django/IMRUnicorn-Django/venv/lib64/python3.6/site-packages/django/forms/widgets.py", line 241, in render
    context = self.get_context(name, value, attrs)
  File "/data/django/IMRUnicorn-Django/venv/lib64/python3.6/site-packages/django/contrib/auth/forms.py", line 47, in get_context
    for key, value_ in hasher.safe_summary(value).items():
  File "/data/django/IMRUnicorn-Django/venv/lib64/python3.6/site-packages/django/contrib/auth/hashers.py", line 256, in safe_summary
    algorithm, iterations, salt, hash = encoded.split('$', 3)
ValueError: not enough values to unpack (expected 4, got 2)
WARNING|2020-08-26 18:17:30|django.request|Not Found: /dist/js/bootstrap.min.js
WARNING|2020-08-26 18:17:30|django.request|Not Found: /dist/js/bootstrap.min.js
WARNING|2020-08-26 18:17:30|django.request|Not Found: /dist/js/bootstrap.min.js
WARNING|2020-08-26 18:17:30|django.request|Not Found: /dist/js/bootstrap.min.js
WARNING|2020-08-26 18:17:32|django.request|Not Found: /dist/js/bootstrap.min.js
WARNING|2020-08-26 18:17:32|django.request|Not Found: /dist/js/bootstrap.min.js
WARNING|2020-08-26 18:17:32|django.request|Not Found: /dist/js/bootstrap.min.js
WARNING|2020-08-26 18:17:32|django.request|Not Found: /dist/js/bootstrap.min.js
INFO|2020-08-26 18:31:34|django.utils.autoreload|Watching for file changes with StatReloader
INFO|2020-08-26 18:31:37|django.server|"GET / HTTP/1.1" 200 10155
INFO|2020-08-26 18:31:37|django.server|"GET /static/imrunicorn/scripts/modernizr-2.6.2.js HTTP/1.1" 304 0
INFO|2020-08-26 18:31:37|django.server|"GET /static/imrunicorn/scripts/jquery-1.10.2.js HTTP/1.1" 304 0
INFO|2020-08-26 18:31:37|django.server|"GET /static/imrunicorn/scripts/bootstrap.js HTTP/1.1" 304 0
INFO|2020-08-26 18:31:37|django.server|"GET /static/imrunicorn/scripts/respond.js HTTP/1.1" 304 0
WARNING|2020-08-26 18:31:37|django.request|Not Found: /dist/js/bootstrap.min.js
WARNING|2020-08-26 18:31:37|django.request|Not Found: /dist/js/bootstrap.min.js
WARNING|2020-08-26 18:31:37|django.server|"GET /dist/js/bootstrap.min.js HTTP/1.1" 404 4313
WARNING|2020-08-26 18:31:38|django.request|Not Found: /dist/js/bootstrap.min.js
WARNING|2020-08-26 18:31:38|django.request|Not Found: /dist/js/bootstrap.min.js
WARNING|2020-08-26 18:31:38|django.server|"GET /dist/js/bootstrap.min.js HTTP/1.1" 404 4313
INFO|2020-08-26 18:31:39|django.server|"GET /news/detail/1 HTTP/1.1" 200 9910
WARNING|2020-08-26 18:31:39|django.request|Not Found: /dist/js/bootstrap.min.js
WARNING|2020-08-26 18:31:39|django.request|Not Found: /dist/js/bootstrap.min.js
WARNING|2020-08-26 18:31:39|django.server|"GET /dist/js/bootstrap.min.js HTTP/1.1" 404 4313
WARNING|2020-08-26 18:31:39|django.request|Not Found: /dist/js/bootstrap.min.js
WARNING|2020-08-26 18:31:39|django.request|Not Found: /dist/js/bootstrap.min.js
WARNING|2020-08-26 18:31:39|django.server|"GET /dist/js/bootstrap.min.js HTTP/1.1" 404 4313
INFO|2020-08-26 18:31:42|django.server|"GET /admin/ HTTP/1.1" 200 16851
INFO|2020-08-26 18:31:42|django.server|"GET /static/admin/css/responsive.css HTTP/1.1" 304 0
INFO|2020-08-26 18:31:42|django.server|"GET /static/admin/css/dashboard.css HTTP/1.1" 304 0
INFO|2020-08-26 18:31:42|django.server|"GET /static/admin/css/base.css HTTP/1.1" 304 0
INFO|2020-08-26 18:31:42|django.server|"GET /static/admin/css/fonts.css HTTP/1.1" 304 0
INFO|2020-08-26 18:31:42|django.server|"GET /static/admin/img/icon-addlink.svg HTTP/1.1" 304 0
INFO|2020-08-26 18:31:42|django.server|"GET /static/admin/img/icon-changelink.svg HTTP/1.1" 304 0
INFO|2020-08-26 18:31:42|django.server|"GET /static/admin/img/icon-deletelink.svg HTTP/1.1" 304 0
INFO|2020-08-26 18:31:42|django.server|"GET /static/admin/fonts/Roboto-Light-webfont.woff HTTP/1.1" 304 0
INFO|2020-08-26 18:31:42|django.server|"GET /static/admin/fonts/Roboto-Bold-webfont.woff HTTP/1.1" 304 0
INFO|2020-08-26 18:31:42|django.server|"GET /static/admin/fonts/Roboto-Regular-webfont.woff HTTP/1.1" 304 0
WARNING|2020-08-26 18:31:42|django.request|Not Found: /favicon.ico
WARNING|2020-08-26 18:31:42|django.request|Not Found: /favicon.ico
WARNING|2020-08-26 18:31:42|django.server|"GET /favicon.ico HTTP/1.1" 404 4274
INFO|2020-08-26 18:31:44|django.server|"GET /admin/announcements/whatisnew/ HTTP/1.1" 200 4429
INFO|2020-08-26 18:31:44|django.server|"GET /static/admin/js/vendor/jquery/jquery.js HTTP/1.1" 304 0
INFO|2020-08-26 18:31:44|django.server|"GET /static/admin/css/changelists.css HTTP/1.1" 304 0
INFO|2020-08-26 18:31:44|django.server|"GET /static/admin/js/actions.js HTTP/1.1" 304 0
INFO|2020-08-26 18:31:44|django.server|"GET /admin/jsi18n/ HTTP/1.1" 200 3223
INFO|2020-08-26 18:31:44|django.server|"GET /static/admin/js/urlify.js HTTP/1.1" 304 0
INFO|2020-08-26 18:31:44|django.server|"GET /static/admin/js/prepopulate.js HTTP/1.1" 304 0
INFO|2020-08-26 18:31:44|django.server|"GET /static/admin/js/vendor/xregexp/xregexp.js HTTP/1.1" 304 0
INFO|2020-08-26 18:31:44|django.server|"GET /static/admin/js/jquery.init.js HTTP/1.1" 304 0
INFO|2020-08-26 18:31:44|django.server|"GET /static/admin/js/core.js HTTP/1.1" 304 0
INFO|2020-08-26 18:31:44|django.server|"GET /static/admin/js/admin/RelatedObjectLookups.js HTTP/1.1" 304 0
INFO|2020-08-26 18:31:44|django.server|"GET /static/admin/img/tooltag-add.svg HTTP/1.1" 304 0
INFO|2020-08-26 18:31:45|django.server|"GET /admin/announcements/whatisnew/1/change/ HTTP/1.1" 200 7398
INFO|2020-08-26 18:31:45|django.server|"GET /static/admin/js/calendar.js HTTP/1.1" 304 0
INFO|2020-08-26 18:31:45|django.server|"GET /static/admin/js/prepopulate_init.js HTTP/1.1" 304 0
INFO|2020-08-26 18:31:45|django.server|"GET /static/admin/js/change_form.js HTTP/1.1" 304 0
INFO|2020-08-26 18:31:45|django.server|"GET /static/admin/js/admin/DateTimeShortcuts.js HTTP/1.1" 304 0
INFO|2020-08-26 18:31:45|django.server|"GET /static/admin/css/forms.css HTTP/1.1" 304 0
INFO|2020-08-26 18:31:45|django.server|"GET /admin/jsi18n/ HTTP/1.1" 200 3223
INFO|2020-08-26 18:31:45|django.server|"GET /static/admin/css/widgets.css HTTP/1.1" 304 0
INFO|2020-08-26 18:31:45|django.server|"GET /static/admin/img/icon-calendar.svg HTTP/1.1" 304 0
INFO|2020-08-26 18:31:55|django.server|"POST /admin/announcements/whatisnew/1/change/ HTTP/1.1" 302 0
INFO|2020-08-26 18:31:55|django.server|"GET /admin/announcements/whatisnew/ HTTP/1.1" 200 4648
INFO|2020-08-26 18:31:55|django.server|"GET /admin/jsi18n/ HTTP/1.1" 200 3223
INFO|2020-08-26 18:31:55|django.server|"GET /static/admin/img/icon-yes.svg HTTP/1.1" 304 0
INFO|2020-08-26 18:31:57|django.server|"GET /news/detail/1 HTTP/1.1" 200 10440
INFO|2020-08-26 18:31:58|django.server|"GET /media/uploads/announcements/what_is_new/images.png HTTP/1.1" 200 3232
INFO|2020-08-26 18:31:58|django.server|"GET /media/uploads/announcements/what_is_new/13497253-red-color-splat.jpg HTTP/1.1" 200 86423
WARNING|2020-08-26 18:31:58|django.request|Not Found: /dist/js/bootstrap.min.js
WARNING|2020-08-26 18:31:58|django.request|Not Found: /dist/js/bootstrap.min.js
WARNING|2020-08-26 18:31:58|django.server|"GET /dist/js/bootstrap.min.js HTTP/1.1" 404 4313
INFO|2020-08-26 18:31:58|django.server|"GET /static/imrunicorn/favicon.ico HTTP/1.1" 200 1406
INFO|2020-08-26 18:31:59|django.server|"GET / HTTP/1.1" 200 10348
WARNING|2020-08-26 18:31:59|django.request|Not Found: /dist/js/bootstrap.min.js
WARNING|2020-08-26 18:31:59|django.request|Not Found: /dist/js/bootstrap.min.js
WARNING|2020-08-26 18:31:59|django.server|"GET /dist/js/bootstrap.min.js HTTP/1.1" 404 4313
WARNING|2020-08-26 18:31:59|django.request|Not Found: /dist/js/bootstrap.min.js
WARNING|2020-08-26 18:31:59|django.request|Not Found: /dist/js/bootstrap.min.js
WARNING|2020-08-26 18:31:59|django.server|"GET /dist/js/bootstrap.min.js HTTP/1.1" 404 4313
INFO|2020-08-26 18:32:00|django.server|"GET /news/detail/1 HTTP/1.1" 200 10440
INFO|2020-08-26 18:32:00|django.server|"GET /media/uploads/announcements/what_is_new/13497253-red-color-splat.jpg HTTP/1.1" 304 0
INFO|2020-08-26 18:32:00|django.server|"GET /media/uploads/announcements/what_is_new/images.png HTTP/1.1" 304 0
WARNING|2020-08-26 18:32:00|django.request|Not Found: /dist/js/bootstrap.min.js
WARNING|2020-08-26 18:32:00|django.request|Not Found: /dist/js/bootstrap.min.js
WARNING|2020-08-26 18:32:00|django.server|"GET /dist/js/bootstrap.min.js HTTP/1.1" 404 4313
INFO|2020-08-26 18:32:02|django.server|"GET / HTTP/1.1" 200 10348
WARNING|2020-08-26 18:32:02|django.request|Not Found: /dist/js/bootstrap.min.js
WARNING|2020-08-26 18:32:02|django.request|Not Found: /dist/js/bootstrap.min.js
WARNING|2020-08-26 18:32:02|django.server|"GET /dist/js/bootstrap.min.js HTTP/1.1" 404 4313
WARNING|2020-08-26 18:32:02|django.request|Not Found: /dist/js/bootstrap.min.js
WARNING|2020-08-26 18:32:02|django.request|Not Found: /dist/js/bootstrap.min.js
WARNING|2020-08-26 18:32:02|django.server|"GET /dist/js/bootstrap.min.js HTTP/1.1" 404 4313
INFO|2020-08-26 18:32:19|django.utils.autoreload|Watching for file changes with StatReloader
INFO|2020-08-26 18:32:27|django.utils.autoreload|Watching for file changes with StatReloader
INFO|2020-08-26 18:32:30|django.server|"GET / HTTP/1.1" 200 10348
WARNING|2020-08-26 18:32:30|django.request|Not Found: /dist/js/bootstrap.min.js
WARNING|2020-08-26 18:32:30|django.request|Not Found: /dist/js/bootstrap.min.js
WARNING|2020-08-26 18:32:30|django.server|"GET /dist/js/bootstrap.min.js HTTP/1.1" 404 4313
WARNING|2020-08-26 18:32:30|django.request|Not Found: /dist/js/bootstrap.min.js
WARNING|2020-08-26 18:32:30|django.request|Not Found: /dist/js/bootstrap.min.js
WARNING|2020-08-26 18:32:30|django.server|"GET /dist/js/bootstrap.min.js HTTP/1.1" 404 4313
INFO|2020-08-26 18:32:30|django.server|"GET /static/imrunicorn/favicon.ico HTTP/1.1" 200 1406
INFO|2020-08-26 18:32:37|django.utils.autoreload|Watching for file changes with StatReloader
INFO|2020-08-26 18:32:39|django.server|"GET / HTTP/1.1" 200 10348
WARNING|2020-08-26 18:32:39|django.request|Not Found: /dist/js/bootstrap.min.js
WARNING|2020-08-26 18:32:39|django.request|Not Found: /dist/js/bootstrap.min.js
WARNING|2020-08-26 18:32:39|django.server|"GET /dist/js/bootstrap.min.js HTTP/1.1" 404 4313
WARNING|2020-08-26 18:32:39|django.request|Not Found: /dist/js/bootstrap.min.js
WARNING|2020-08-26 18:32:39|django.request|Not Found: /dist/js/bootstrap.min.js
WARNING|2020-08-26 18:32:39|django.server|"GET /dist/js/bootstrap.min.js HTTP/1.1" 404 4313
INFO|2020-08-26 18:32:39|django.server|"GET /static/imrunicorn/favicon.ico HTTP/1.1" 200 1406
INFO|2020-08-26 18:32:45|django.utils.autoreload|Watching for file changes with StatReloader
INFO|2020-08-26 18:32:47|django.server|"GET / HTTP/1.1" 200 10155
WARNING|2020-08-26 18:32:47|django.request|Not Found: /dist/js/bootstrap.min.js
WARNING|2020-08-26 18:32:47|django.request|Not Found: /dist/js/bootstrap.min.js
WARNING|2020-08-26 18:32:47|django.server|"GET /dist/js/bootstrap.min.js HTTP/1.1" 404 4313
WARNING|2020-08-26 18:32:47|django.request|Not Found: /dist/js/bootstrap.min.js
WARNING|2020-08-26 18:32:47|django.request|Not Found: /dist/js/bootstrap.min.js
WARNING|2020-08-26 18:32:47|django.server|"GET /dist/js/bootstrap.min.js HTTP/1.1" 404 4313
INFO|2020-08-26 18:32:47|django.server|"GET /static/imrunicorn/favicon.ico HTTP/1.1" 200 1406
INFO|2020-08-26 18:32:55|django.utils.autoreload|Watching for file changes with StatReloader
INFO|2020-08-26 18:32:57|django.server|"GET / HTTP/1.1" 200 10348
WARNING|2020-08-26 18:32:57|django.request|Not Found: /dist/js/bootstrap.min.js
WARNING|2020-08-26 18:32:57|django.request|Not Found: /dist/js/bootstrap.min.js
WARNING|2020-08-26 18:32:57|django.server|"GET /dist/js/bootstrap.min.js HTTP/1.1" 404 4313
WARNING|2020-08-26 18:32:57|django.request|Not Found: /dist/js/bootstrap.min.js
WARNING|2020-08-26 18:32:57|django.request|Not Found: /dist/js/bootstrap.min.js
WARNING|2020-08-26 18:32:57|django.server|"GET /dist/js/bootstrap.min.js HTTP/1.1" 404 4313
INFO|2020-08-26 18:32:57|django.server|"GET /static/imrunicorn/favicon.ico HTTP/1.1" 200 1406
INFO|2020-08-26 18:34:28|django.utils.autoreload|Watching for file changes with StatReloader
INFO|2020-08-26 18:34:31|django.server|"GET / HTTP/1.1" 200 10580
WARNING|2020-08-26 18:34:31|django.request|Not Found: /dist/js/bootstrap.min.js
WARNING|2020-08-26 18:34:31|django.request|Not Found: /dist/js/bootstrap.min.js
WARNING|2020-08-26 18:34:31|django.server|"GET /dist/js/bootstrap.min.js HTTP/1.1" 404 4313
WARNING|2020-08-26 18:34:31|django.request|Not Found: /dist/js/bootstrap.min.js
WARNING|2020-08-26 18:34:31|django.request|Not Found: /dist/js/bootstrap.min.js
WARNING|2020-08-26 18:34:31|django.server|"GET /dist/js/bootstrap.min.js HTTP/1.1" 404 4313
INFO|2020-08-26 18:34:31|django.server|"GET /static/imrunicorn/favicon.ico HTTP/1.1" 200 1406
INFO|2020-08-26 18:34:32|django.server|"GET /media/uploads/announcements/what_is_new/13497253-red-color-splat.jpg HTTP/1.1" 304 0
INFO|2020-08-26 18:34:50|django.utils.autoreload|Watching for file changes with StatReloader
INFO|2020-08-26 18:34:54|django.server|"GET / HTTP/1.1" 200 10582
WARNING|2020-08-26 18:34:54|django.request|Not Found: /dist/js/bootstrap.min.js
WARNING|2020-08-26 18:34:54|django.request|Not Found: /dist/js/bootstrap.min.js
WARNING|2020-08-26 18:34:54|django.server|"GET /dist/js/bootstrap.min.js HTTP/1.1" 404 4313
WARNING|2020-08-26 18:34:54|django.request|Not Found: /dist/js/bootstrap.min.js
WARNING|2020-08-26 18:34:54|django.request|Not Found: /dist/js/bootstrap.min.js
WARNING|2020-08-26 18:34:54|django.server|"GET /dist/js/bootstrap.min.js HTTP/1.1" 404 4313
INFO|2020-08-26 18:34:54|django.server|"GET /static/imrunicorn/favicon.ico HTTP/1.1" 200 1406
INFO|2020-08-26 18:35:23|django.utils.autoreload|Watching for file changes with StatReloader
INFO|2020-08-26 18:35:25|django.server|"GET / HTTP/1.1" 200 10582
WARNING|2020-08-26 18:35:25|django.request|Not Found: /dist/js/bootstrap.min.js
WARNING|2020-08-26 18:35:25|django.request|Not Found: /dist/js/bootstrap.min.js
WARNING|2020-08-26 18:35:25|django.server|"GET /dist/js/bootstrap.min.js HTTP/1.1" 404 4313
WARNING|2020-08-26 18:35:25|django.request|Not Found: /dist/js/bootstrap.min.js
WARNING|2020-08-26 18:35:25|django.request|Not Found: /dist/js/bootstrap.min.js
WARNING|2020-08-26 18:35:25|django.server|"GET /dist/js/bootstrap.min.js HTTP/1.1" 404 4313
INFO|2020-08-26 18:35:25|django.server|"GET /static/imrunicorn/favicon.ico HTTP/1.1" 200 1406
INFO|2020-08-26 18:37:40|django.utils.autoreload|Watching for file changes with StatReloader
INFO|2020-08-26 18:37:43|django.server|"GET / HTTP/1.1" 200 11209
WARNING|2020-08-26 18:37:43|django.request|Not Found: /dist/js/bootstrap.min.js
WARNING|2020-08-26 18:37:43|django.request|Not Found: /dist/js/bootstrap.min.js
WARNING|2020-08-26 18:37:43|django.server|"GET /dist/js/bootstrap.min.js HTTP/1.1" 404 4313
WARNING|2020-08-26 18:37:43|django.request|Not Found: /dist/js/bootstrap.min.js
WARNING|2020-08-26 18:37:43|django.request|Not Found: /dist/js/bootstrap.min.js
WARNING|2020-08-26 18:37:43|django.server|"GET /dist/js/bootstrap.min.js HTTP/1.1" 404 4313
INFO|2020-08-26 18:37:43|django.server|"GET /static/imrunicorn/favicon.ico HTTP/1.1" 200 1406
INFO|2020-08-26 18:38:26|django.utils.autoreload|Watching for file changes with StatReloader
INFO|2020-08-26 18:38:28|django.server|"GET / HTTP/1.1" 200 11192
WARNING|2020-08-26 18:38:28|django.request|Not Found: /dist/js/bootstrap.min.js
WARNING|2020-08-26 18:38:28|django.request|Not Found: /dist/js/bootstrap.min.js
WARNING|2020-08-26 18:38:28|django.server|"GET /dist/js/bootstrap.min.js HTTP/1.1" 404 4313
WARNING|2020-08-26 18:38:28|django.request|Not Found: /dist/js/bootstrap.min.js
WARNING|2020-08-26 18:38:28|django.request|Not Found: /dist/js/bootstrap.min.js
WARNING|2020-08-26 18:38:28|django.server|"GET /dist/js/bootstrap.min.js HTTP/1.1" 404 4313
INFO|2020-08-26 18:38:28|django.server|"GET /static/imrunicorn/favicon.ico HTTP/1.1" 200 1406
INFO|2020-08-26 18:39:14|django.utils.autoreload|Watching for file changes with StatReloader
INFO|2020-08-26 18:39:16|django.server|"GET / HTTP/1.1" 200 11254
WARNING|2020-08-26 18:39:16|django.request|Not Found: /dist/js/bootstrap.min.js
WARNING|2020-08-26 18:39:16|django.request|Not Found: /dist/js/bootstrap.min.js
WARNING|2020-08-26 18:39:16|django.server|"GET /dist/js/bootstrap.min.js HTTP/1.1" 404 4313
WARNING|2020-08-26 18:39:17|django.request|Not Found: /dist/js/bootstrap.min.js
WARNING|2020-08-26 18:39:17|django.request|Not Found: /dist/js/bootstrap.min.js
WARNING|2020-08-26 18:39:17|django.server|"GET /dist/js/bootstrap.min.js HTTP/1.1" 404 4313
INFO|2020-08-26 18:39:17|django.server|"GET /static/imrunicorn/favicon.ico HTTP/1.1" 200 1406
INFO|2020-08-26 18:39:43|django.utils.autoreload|Watching for file changes with StatReloader
INFO|2020-08-26 18:39:45|django.server|"GET / HTTP/1.1" 200 11233
WARNING|2020-08-26 18:39:45|django.request|Not Found: /dist/js/bootstrap.min.js
WARNING|2020-08-26 18:39:45|django.request|Not Found: /dist/js/bootstrap.min.js
WARNING|2020-08-26 18:39:45|django.server|"GET /dist/js/bootstrap.min.js HTTP/1.1" 404 4313
WARNING|2020-08-26 18:39:45|django.request|Not Found: /dist/js/bootstrap.min.js
WARNING|2020-08-26 18:39:45|django.request|Not Found: /dist/js/bootstrap.min.js
WARNING|2020-08-26 18:39:45|django.server|"GET /dist/js/bootstrap.min.js HTTP/1.1" 404 4313
INFO|2020-08-26 18:39:45|django.server|"GET /static/imrunicorn/favicon.ico HTTP/1.1" 200 1406
INFO|2020-08-26 18:40:41|django.utils.autoreload|Watching for file changes with StatReloader
INFO|2020-08-26 18:40:43|django.server|"GET / HTTP/1.1" 200 10267
WARNING|2020-08-26 18:40:44|django.request|Not Found: /dist/js/bootstrap.min.js
WARNING|2020-08-26 18:40:44|django.request|Not Found: /dist/js/bootstrap.min.js
WARNING|2020-08-26 18:40:44|django.server|"GET /dist/js/bootstrap.min.js HTTP/1.1" 404 4313
WARNING|2020-08-26 18:40:44|django.request|Not Found: /dist/js/bootstrap.min.js
WARNING|2020-08-26 18:40:44|django.request|Not Found: /dist/js/bootstrap.min.js
WARNING|2020-08-26 18:40:44|django.server|"GET /dist/js/bootstrap.min.js HTTP/1.1" 404 4313
INFO|2020-08-26 18:40:44|django.server|"GET /static/imrunicorn/favicon.ico HTTP/1.1" 200 1406
INFO|2020-08-26 18:40:46|django.server|"GET /news/detail/1 HTTP/1.1" 200 10440
INFO|2020-08-26 18:40:46|django.server|"GET /media/uploads/announcements/what_is_new/images.png HTTP/1.1" 304 0
INFO|2020-08-26 18:40:46|django.server|"GET /media/uploads/announcements/what_is_new/13497253-red-color-splat.jpg HTTP/1.1" 304 0
WARNING|2020-08-26 18:40:46|django.request|Not Found: /dist/js/bootstrap.min.js
WARNING|2020-08-26 18:40:46|django.request|Not Found: /dist/js/bootstrap.min.js
WARNING|2020-08-26 18:40:46|django.server|"GET /dist/js/bootstrap.min.js HTTP/1.1" 404 4313
